<?xml version="1.0" encoding="UTF-8"?>
<testsuite name="me.owldev.adsignage.domain.assignment.DeviceControllerTest" tests="8" skipped="0" failures="0" errors="0" timestamp="2026-05-02T14:50:30" hostname="Jinsuui-MacBookAir.local" time="0.039">
  <properties/>
  <testcase name="PATCH returns 404 when device id is unknown()" classname="me.owldev.adsignage.domain.assignment.DeviceControllerTest" time="0.008"/>
  <testcase name="PATCH on never-assigned device with restaurantId inserts first active row()" classname="me.owldev.adsignage.domain.assignment.DeviceControllerTest" time="0.008"/>
  <testcase name="PATCH returns 404 when restaurant id is unknown()" classname="me.owldev.adsignage.domain.assignment.DeviceControllerTest" time="0.003"/>
  <testcase name="PATCH device with restaurantId remaps and returns 200 with new active assignment()" classname="me.owldev.adsignage.domain.assignment.DeviceControllerTest" time="0.008"/>
  <testcase name="PATCH returns 400 when body has no actionable fields()" classname="me.owldev.adsignage.domain.assignment.DeviceControllerTest" time="0.003"/>
  <testcase name="PATCH returns 422 when screenName is provided ahead of schema support()" classname="me.owldev.adsignage.domain.assignment.DeviceControllerTest" time="0.003"/>
  <testcase name="PATCH returns 400 when restaurantId is sent as blank string()" classname="me.owldev.adsignage.domain.assignment.DeviceControllerTest" time="0.001"/>
  <testcase name="PATCH returns 422 when groupName is provided ahead of schema support()" classname="me.owldev.adsignage.domain.assignment.DeviceControllerTest" time="0.002"/>
  <system-out><![CDATA[2026-05-02T23:50:30.464+09:00  INFO 57102 --- [adsignage] [    Test worker] .b.t.c.SpringBootTestContextBootstrapper : Found @SpringBootConfiguration me.owldev.adsignage.AdsignageApplication for test class me.owldev.adsignage.domain.assignment.DeviceControllerTest

  .   ____          _            __ _ _
 /\\ / ___'_ __ _ _(_)_ __  __ _ \ \ \ \
( ( )\___ | '_ | '_| | '_ \/ _` | \ \ \ \
 \\/  ___)| |_)| | | | | || (_| |  ) ) ) )
  '  |____| .__|_| |_|_| |_\__, | / / / /
 =========|_|==============|___/=/_/_/_/

 :: Spring Boot ::                (v3.3.4)

2026-05-02T23:50:30.469+09:00  INFO 57102 --- [adsignage] [    Test worker] m.o.a.d.assignment.DeviceControllerTest  : Starting DeviceControllerTest using Java 17.0.19 with PID 57102 (started by jinsujang in /Users/jinsujang/Desktop/dev/hackathon/backend)
2026-05-02T23:50:30.469+09:00 DEBUG 57102 --- [adsignage] [    Test worker] m.o.a.d.assignment.DeviceControllerTest  : Running with Spring Boot v3.3.4, Spring v6.1.13
2026-05-02T23:50:30.469+09:00  INFO 57102 --- [adsignage] [    Test worker] m.o.a.d.assignment.DeviceControllerTest  : No active profile set, falling back to 1 default profile: "default"
2026-05-02T23:50:30.506+09:00  INFO 57102 --- [adsignage] [    Test worker] .s.d.r.c.RepositoryConfigurationDelegate : Bootstrapping Spring Data JPA repositories in DEFAULT mode.
2026-05-02T23:50:30.512+09:00  INFO 57102 --- [adsignage] [    Test worker] .s.d.r.c.RepositoryConfigurationDelegate : Finished Spring Data repository scanning in 5 ms. Found 5 JPA repository interfaces.
2026-05-02T23:50:30.535+09:00  INFO 57102 --- [adsignage] [    Test worker] o.hibernate.jpa.internal.util.LogHelper  : HHH000204: Processing PersistenceUnitInfo [name: default]
2026-05-02T23:50:30.536+09:00  INFO 57102 --- [adsignage] [    Test worker] o.h.c.internal.RegionFactoryInitiator    : HHH000026: Second-level cache disabled
2026-05-02T23:50:30.538+09:00  INFO 57102 --- [adsignage] [    Test worker] o.s.o.j.p.SpringPersistenceUnitInfo      : No LoadTimeWeaver setup: ignoring JPA class transformer
2026-05-02T23:50:30.538+09:00  INFO 57102 --- [adsignage] [    Test worker] com.zaxxer.hikari.HikariDataSource       : HikariPool-5 - Starting...
2026-05-02T23:50:30.539+09:00  INFO 57102 --- [adsignage] [    Test worker] com.zaxxer.hikari.pool.HikariPool        : HikariPool-5 - Added connection conn43: url=jdbc:h2:mem:device-controller-test user=SA
2026-05-02T23:50:30.539+09:00  INFO 57102 --- [adsignage] [    Test worker] com.zaxxer.hikari.HikariDataSource       : HikariPool-5 - Start completed.
2026-05-02T23:50:30.539+09:00  WARN 57102 --- [adsignage] [    Test worker] org.hibernate.orm.deprecation            : HHH90000025: H2Dialect does not need to be specified explicitly using 'hibernate.dialect' (remove the property setting and it will be selected by default)
2026-05-02T23:50:30.554+09:00  INFO 57102 --- [adsignage] [    Test worker] o.h.e.t.j.p.i.JtaPlatformInitiator       : HHH000489: No JTA platform available (set 'hibernate.transaction.jta.platform' to enable JTA platform integration)
2026-05-02T23:50:30.556+09:00  INFO 57102 --- [adsignage] [    Test worker] j.LocalContainerEntityManagerFactoryBean : Initialized JPA EntityManagerFactory for persistence unit 'default'
2026-05-02T23:50:30.586+09:00  WARN 57102 --- [adsignage] [    Test worker] .s.s.UserDetailsServiceAutoConfiguration : 

Using generated security password: 1afcfb83-29d7-4050-832a-38c60bf33373

This generated password is for development use only. Your security configuration must be updated before running your application in production.

2026-05-02T23:50:30.586+09:00  INFO 57102 --- [adsignage] [    Test worker] r$InitializeUserDetailsManagerConfigurer : Global AuthenticationManager configured with UserDetailsService bean with name inMemoryUserDetailsManager
2026-05-02T23:50:30.611+09:00 DEBUG 57102 --- [adsignage] [    Test worker] m.o.a.auth.jwt.JwtAuthenticationFilter   : Filter 'jwtAuthenticationFilter' configured for use
2026-05-02T23:50:30.611+09:00  INFO 57102 --- [adsignage] [    Test worker] o.s.b.t.m.w.SpringBootMockServletContext : Initializing Spring TestDispatcherServlet ''
2026-05-02T23:50:30.611+09:00  INFO 57102 --- [adsignage] [    Test worker] o.s.t.web.servlet.TestDispatcherServlet  : Initializing Servlet ''
2026-05-02T23:50:30.611+09:00  INFO 57102 --- [adsignage] [    Test worker] o.s.t.web.servlet.TestDispatcherServlet  : Completed initialization in 0 ms
2026-05-02T23:50:30.613+09:00  INFO 57102 --- [adsignage] [    Test worker] m.o.a.d.assignment.DeviceControllerTest  : Started DeviceControllerTest in 0.149 seconds (process running for 5.253)
2026-05-02T23:50:30.620+09:00  INFO 57102 --- [adsignage] [    Test worker] m.o.a.d.assignment.DeviceController      : PATCH /api/devices/unknown-device restaurantId=restaurant-A screenName=null groupName=null
2026-05-02T23:50:30.624+09:00  INFO 57102 --- [adsignage] [    Test worker] m.o.a.d.assignment.DeviceController      : PATCH /api/devices/device-001 restaurantId=restaurant-A screenName=null groupName=null
2026-05-02T23:50:30.626+09:00  INFO 57102 --- [adsignage] [    Test worker] m.o.a.d.a.DeviceAssignmentService        : updateAssignment: device=device-001 → restaurant=restaurant-A (deactivatedRows=0, newAssignmentId=6fcc0139-e71e-443b-a762-237efff17a20)
2026-05-02T23:50:30.626+09:00  INFO 57102 --- [adsignage] [    Test worker] m.o.a.d.assignment.DeviceUpdateService   : applyPatch: device=device-001 restaurantId=restaurant-A (assignmentId=6fcc0139-e71e-443b-a762-237efff17a20)
2026-05-02T23:50:30.627+09:00  INFO 57102 --- [adsignage] [    Test worker] m.o.a.s.DeviceMappingChangedSseListener  : MAPPING_CHANGED → device=device-001 newRestaurant=restaurant-A delivered=0
2026-05-02T23:50:30.633+09:00  INFO 57102 --- [adsignage] [    Test worker] m.o.a.d.assignment.DeviceController      : PATCH /api/devices/device-001 restaurantId=unknown-restaurant screenName=null groupName=null
2026-05-02T23:50:30.637+09:00  INFO 57102 --- [adsignage] [    Test worker] m.o.a.d.a.DeviceAssignmentController     : POST /api/devices/device-001/assignment restaurantId=restaurant-A
2026-05-02T23:50:30.638+09:00  INFO 57102 --- [adsignage] [    Test worker] m.o.a.d.a.DeviceAssignmentService        : createAssignment: device=device-001 restaurant=restaurant-A assignmentId=be7a6daf-cd12-45ae-b3b8-40e20217be58
2026-05-02T23:50:30.638+09:00  INFO 57102 --- [adsignage] [    Test worker] m.o.a.s.DeviceMappingChangedSseListener  : MAPPING_CHANGED → device=device-001 newRestaurant=restaurant-A delivered=0
2026-05-02T23:50:30.639+09:00  INFO 57102 --- [adsignage] [    Test worker] m.o.a.d.assignment.DeviceController      : PATCH /api/devices/device-001 restaurantId=restaurant-B screenName=null groupName=null
2026-05-02T23:50:30.641+09:00  INFO 57102 --- [adsignage] [    Test worker] m.o.a.d.a.DeviceAssignmentService        : updateAssignment: device=device-001 → restaurant=restaurant-B (deactivatedRows=1, newAssignmentId=88c66140-6d00-466d-9890-11d3a7063c8f)
2026-05-02T23:50:30.641+09:00  INFO 57102 --- [adsignage] [    Test worker] m.o.a.d.assignment.DeviceUpdateService   : applyPatch: device=device-001 restaurantId=restaurant-B (assignmentId=88c66140-6d00-466d-9890-11d3a7063c8f)
2026-05-02T23:50:30.641+09:00  INFO 57102 --- [adsignage] [    Test worker] m.o.a.s.DeviceMappingChangedSseListener  : MAPPING_CHANGED → device=device-001 newRestaurant=restaurant-B delivered=0
2026-05-02T23:50:30.645+09:00  INFO 57102 --- [adsignage] [    Test worker] m.o.a.d.assignment.DeviceController      : PATCH /api/devices/device-001 restaurantId=null screenName=null groupName=null
2026-05-02T23:50:30.647+09:00  INFO 57102 --- [adsignage] [    Test worker] m.o.a.d.assignment.DeviceController      : PATCH /api/devices/device-001 restaurantId=null screenName=Lobby TV groupName=null
2026-05-02T23:50:30.648+09:00  INFO 57102 --- [adsignage] [    Test worker] m.o.a.d.assignment.DeviceUpdateService   : applyPatch: device=device-001 screenName=Lobby TV requested but column not yet provisioned
2026-05-02T23:50:30.652+09:00  INFO 57102 --- [adsignage] [    Test worker] m.o.a.d.assignment.DeviceController      : PATCH /api/devices/device-001 restaurantId=null screenName=null groupName=north-store
2026-05-02T23:50:30.653+09:00  INFO 57102 --- [adsignage] [    Test worker] m.o.a.d.assignment.DeviceUpdateService   : applyPatch: device=device-001 groupName=north-store requested but column not yet provisioned
]]></system-out>
  <system-err><![CDATA[]]></system-err>
</testsuite>
