<?xml version="1.0" encoding="UTF-8"?>
<testsuite name="me.owldev.adsignage.auth.jwt.JwtAuthenticationEntryPointTest" tests="2" skipped="0" failures="0" errors="0" timestamp="2026-05-02T14:50:28" hostname="Jinsuui-MacBookAir.local" time="0.0">
  <properties/>
  <testcase name="commence emits JSON 401 with stable error envelope()" classname="me.owldev.adsignage.auth.jwt.JwtAuthenticationEntryPointTest" time="0.0"/>
  <testcase name="commence is a no-op when the response is already committed()" classname="me.owldev.adsignage.auth.jwt.JwtAuthenticationEntryPointTest" time="0.0"/>
  <system-out><![CDATA[2026-05-02T23:50:28.804+09:00 DEBUG 57102 --- [adsignage] [    Test worker] m.o.a.a.jwt.JwtAuthenticationEntryPoint  : Unauthenticated request rejected path=/api/protected reason=internal: cookie decoded but no session
2026-05-02T23:50:28.805+09:00 DEBUG 57102 --- [adsignage] [    Test worker] m.o.a.a.jwt.JwtAuthenticationEntryPoint  : Unauthenticated request rejected path=/api/protected reason=anything
2026-05-02T23:50:28.805+09:00 DEBUG 57102 --- [adsignage] [    Test worker] m.o.a.a.jwt.JwtAuthenticationEntryPoint  : Response already committed; skipping JSON 401 body for path=/api/protected
]]></system-out>
  <system-err><![CDATA[]]></system-err>
</testsuite>
