<?xml version="1.0" encoding="UTF-8"?>
<testsuite name="me.owldev.adsignage.domain.playevent.AdPlayCountControllerTest" tests="5" skipped="0" failures="0" errors="0" timestamp="2026-05-02T14:50:30" hostname="Jinsuui-MacBookAir.local" time="0.33">
  <properties/>
  <testcase name="GET returns count, date, zoneId, and echoed adId()" classname="me.owldev.adsignage.domain.playevent.AdPlayCountControllerTest" time="0.071"/>
  <testcase name="GET returns 401 without a JWT()" classname="me.owldev.adsignage.domain.playevent.AdPlayCountControllerTest" time="0.063"/>
  <testcase name="GET returns 200 with count=0 for an unknown adId()" classname="me.owldev.adsignage.domain.playevent.AdPlayCountControllerTest" time="0.063"/>
  <testcase name="GET is per-ad — other ad's events do not leak in()" classname="me.owldev.adsignage.domain.playevent.AdPlayCountControllerTest" time="0.068"/>
  <testcase name="GET counts only FINISHED — STARTED rows are ignored()" classname="me.owldev.adsignage.domain.playevent.AdPlayCountControllerTest" time="0.064"/>
  <system-out><![CDATA[2026-05-02T23:50:30.829+09:00  INFO 57102 --- [adsignage] [    Test worker] t.c.s.AnnotationConfigContextLoaderUtils : Could not detect default configuration classes for test class [me.owldev.adsignage.domain.playevent.AdPlayCountControllerTest]: AdPlayCountControllerTest does not declare any static, non-private, non-final, nested classes annotated with @Configuration.
2026-05-02T23:50:30.833+09:00  INFO 57102 --- [adsignage] [    Test worker] .b.t.c.SpringBootTestContextBootstrapper : Found @SpringBootConfiguration me.owldev.adsignage.AdsignageApplication for test class me.owldev.adsignage.domain.playevent.AdPlayCountControllerTest

  .   ____          _            __ _ _
 /\\ / ___'_ __ _ _(_)_ __  __ _ \ \ \ \
( ( )\___ | '_ | '_| | '_ \/ _` | \ \ \ \
 \\/  ___)| |_)| | | | | || (_| |  ) ) ) )
  '  |____| .__|_| |_|_| |_\__, | / / / /
 =========|_|==============|___/=/_/_/_/

 :: Spring Boot ::                (v3.3.4)

2026-05-02T23:50:30.838+09:00  INFO 57102 --- [adsignage] [    Test worker] m.o.a.d.p.AdPlayCountControllerTest      : Starting AdPlayCountControllerTest using Java 17.0.19 with PID 57102 (started by jinsujang in /Users/jinsujang/Desktop/dev/hackathon/backend)
2026-05-02T23:50:30.838+09:00 DEBUG 57102 --- [adsignage] [    Test worker] m.o.a.d.p.AdPlayCountControllerTest      : Running with Spring Boot v3.3.4, Spring v6.1.13
2026-05-02T23:50:30.838+09:00  INFO 57102 --- [adsignage] [    Test worker] m.o.a.d.p.AdPlayCountControllerTest      : No active profile set, falling back to 1 default profile: "default"
2026-05-02T23:50:30.874+09:00  INFO 57102 --- [adsignage] [    Test worker] .s.d.r.c.RepositoryConfigurationDelegate : Bootstrapping Spring Data JPA repositories in DEFAULT mode.
2026-05-02T23:50:30.879+09:00  INFO 57102 --- [adsignage] [    Test worker] .s.d.r.c.RepositoryConfigurationDelegate : Finished Spring Data repository scanning in 5 ms. Found 5 JPA repository interfaces.
2026-05-02T23:50:30.897+09:00  INFO 57102 --- [adsignage] [    Test worker] o.hibernate.jpa.internal.util.LogHelper  : HHH000204: Processing PersistenceUnitInfo [name: default]
2026-05-02T23:50:30.898+09:00  INFO 57102 --- [adsignage] [    Test worker] o.h.c.internal.RegionFactoryInitiator    : HHH000026: Second-level cache disabled
2026-05-02T23:50:30.900+09:00  INFO 57102 --- [adsignage] [    Test worker] o.s.o.j.p.SpringPersistenceUnitInfo      : No LoadTimeWeaver setup: ignoring JPA class transformer
2026-05-02T23:50:30.900+09:00  INFO 57102 --- [adsignage] [    Test worker] com.zaxxer.hikari.HikariDataSource       : HikariPool-7 - Starting...
2026-05-02T23:50:30.901+09:00  INFO 57102 --- [adsignage] [    Test worker] com.zaxxer.hikari.pool.HikariPool        : HikariPool-7 - Added connection conn61: url=jdbc:h2:mem:ad-play-count-controller-test user=SA
2026-05-02T23:50:30.901+09:00  INFO 57102 --- [adsignage] [    Test worker] com.zaxxer.hikari.HikariDataSource       : HikariPool-7 - Start completed.
2026-05-02T23:50:30.901+09:00  WARN 57102 --- [adsignage] [    Test worker] org.hibernate.orm.deprecation            : HHH90000025: H2Dialect does not need to be specified explicitly using 'hibernate.dialect' (remove the property setting and it will be selected by default)
2026-05-02T23:50:30.915+09:00  INFO 57102 --- [adsignage] [    Test worker] o.h.e.t.j.p.i.JtaPlatformInitiator       : HHH000489: No JTA platform available (set 'hibernate.transaction.jta.platform' to enable JTA platform integration)
2026-05-02T23:50:30.916+09:00  INFO 57102 --- [adsignage] [    Test worker] j.LocalContainerEntityManagerFactoryBean : Initialized JPA EntityManagerFactory for persistence unit 'default'
2026-05-02T23:50:30.944+09:00  WARN 57102 --- [adsignage] [    Test worker] .s.s.UserDetailsServiceAutoConfiguration : 

Using generated security password: 07c0f608-a94d-4bea-ae5c-903b957dd294

This generated password is for development use only. Your security configuration must be updated before running your application in production.

2026-05-02T23:50:30.944+09:00  INFO 57102 --- [adsignage] [    Test worker] r$InitializeUserDetailsManagerConfigurer : Global AuthenticationManager configured with UserDetailsService bean with name inMemoryUserDetailsManager
2026-05-02T23:50:30.967+09:00 DEBUG 57102 --- [adsignage] [    Test worker] m.o.a.auth.jwt.JwtAuthenticationFilter   : Filter 'jwtAuthenticationFilter' configured for use
2026-05-02T23:50:30.967+09:00  INFO 57102 --- [adsignage] [    Test worker] o.s.b.t.m.w.SpringBootMockServletContext : Initializing Spring TestDispatcherServlet ''
2026-05-02T23:50:30.967+09:00  INFO 57102 --- [adsignage] [    Test worker] o.s.t.web.servlet.TestDispatcherServlet  : Initializing Servlet ''
2026-05-02T23:50:30.967+09:00  INFO 57102 --- [adsignage] [    Test worker] o.s.t.web.servlet.TestDispatcherServlet  : Completed initialization in 0 ms
2026-05-02T23:50:30.969+09:00  INFO 57102 --- [adsignage] [    Test worker] m.o.a.d.p.AdPlayCountControllerTest      : Started AdPlayCountControllerTest in 0.135 seconds (process running for 5.609)
2026-05-02T23:50:31.034+09:00 DEBUG 57102 --- [adsignage] [    Test worker] m.o.a.auth.jwt.JwtAuthenticationFilter   : Authenticated request advertiserId=835d9de0-8f0a-4850-85c4-ff983dad33e9 path=/api/ads/ad-counted/play-events/daily-count
2026-05-02T23:50:31.039+09:00  INFO 57102 --- [adsignage] [    Test worker] m.o.a.d.playevent.AdPlayCountController  : GET /api/ads/ad-counted/play-events/daily-count → date=2026-05-02 zone=UTC count=3
2026-05-02T23:50:31.103+09:00 DEBUG 57102 --- [adsignage] [    Test worker] m.o.a.a.jwt.JwtAuthenticationEntryPoint  : Unauthenticated request rejected path=/api/ads/ad-counted/play-events/daily-count reason=Full authentication is required to access this resource
2026-05-02T23:50:31.166+09:00 DEBUG 57102 --- [adsignage] [    Test worker] m.o.a.auth.jwt.JwtAuthenticationFilter   : Authenticated request advertiserId=59b921f3-a916-4037-af4b-8cb23fbc8c8f path=/api/ads/ad-no-plays/play-events/daily-count
2026-05-02T23:50:31.167+09:00  INFO 57102 --- [adsignage] [    Test worker] m.o.a.d.playevent.AdPlayCountController  : GET /api/ads/ad-no-plays/play-events/daily-count → date=2026-05-02 zone=UTC count=0
2026-05-02T23:50:31.231+09:00 DEBUG 57102 --- [adsignage] [    Test worker] m.o.a.auth.jwt.JwtAuthenticationFilter   : Authenticated request advertiserId=52024a33-e4c9-44c8-887c-f5669b6e96b8 path=/api/ads/ad-counted/play-events/daily-count
2026-05-02T23:50:31.232+09:00  INFO 57102 --- [adsignage] [    Test worker] m.o.a.d.playevent.AdPlayCountController  : GET /api/ads/ad-counted/play-events/daily-count → date=2026-05-02 zone=UTC count=0
2026-05-02T23:50:31.233+09:00 DEBUG 57102 --- [adsignage] [    Test worker] m.o.a.auth.jwt.JwtAuthenticationFilter   : Authenticated request advertiserId=52024a33-e4c9-44c8-887c-f5669b6e96b8 path=/api/ads/ad-other/play-events/daily-count
2026-05-02T23:50:31.234+09:00  INFO 57102 --- [adsignage] [    Test worker] m.o.a.d.playevent.AdPlayCountController  : GET /api/ads/ad-other/play-events/daily-count → date=2026-05-02 zone=UTC count=5
2026-05-02T23:50:31.299+09:00 DEBUG 57102 --- [adsignage] [    Test worker] m.o.a.auth.jwt.JwtAuthenticationFilter   : Authenticated request advertiserId=07b597c0-de46-4935-ba91-f058d0de52e1 path=/api/ads/ad-counted/play-events/daily-count
2026-05-02T23:50:31.300+09:00  INFO 57102 --- [adsignage] [    Test worker] m.o.a.d.playevent.AdPlayCountController  : GET /api/ads/ad-counted/play-events/daily-count → date=2026-05-02 zone=UTC count=1
]]></system-out>
  <system-err><![CDATA[]]></system-err>
</testsuite>
