<?xml version="1.0" encoding="UTF-8"?>
<testsuite name="me.owldev.adsignage.web.GlobalExceptionHandlerTest" tests="4" skipped="0" failures="0" errors="0" timestamp="2026-05-02T14:50:33" hostname="Jinsuui-MacBookAir.local" time="0.002">
  <properties/>
  <testcase name="ConstraintViolationException maps to 400 with field error map()" classname="me.owldev.adsignage.web.GlobalExceptionHandlerTest" time="0.001"/>
  <testcase name="MaxUploadSizeExceededException maps to 413 with byte cap in message()" classname="me.owldev.adsignage.web.GlobalExceptionHandlerTest" time="0.0"/>
  <testcase name="MultipartException maps to 400 with original message()" classname="me.owldev.adsignage.web.GlobalExceptionHandlerTest" time="0.0"/>
  <testcase name="ConstraintViolationException with empty violations omits fieldErrors()" classname="me.owldev.adsignage.web.GlobalExceptionHandlerTest" time="0.0"/>
  <system-out><![CDATA[]]></system-out>
  <system-err><![CDATA[]]></system-err>
</testsuite>
