<?xml version="1.0" encoding="UTF-8"?>
<testsuite name="me.owldev.adsignage.domain.playevent.PlayEventControllerTest" tests="9" skipped="0" failures="0" errors="0" timestamp="2026-05-02T14:50:31" hostname="Jinsuui-MacBookAir.local" time="0.079">
  <properties/>
  <testcase name="POST count is per-ad — different ads are isolated()" classname="me.owldev.adsignage.domain.playevent.PlayEventControllerTest" time="0.037"/>
  <testcase name="POST STARTED returns 201 and persists a row()" classname="me.owldev.adsignage.domain.playevent.PlayEventControllerTest" time="0.006"/>
  <testcase name="POST without occurredAt accepts and server stamps now()" classname="me.owldev.adsignage.domain.playevent.PlayEventControllerTest" time="0.004"/>
  <testcase name="POST returns 400 when eventType is unknown()" classname="me.owldev.adsignage.domain.playevent.PlayEventControllerTest" time="0.009"/>
  <testcase name="POST returns 400 when adId is missing()" classname="me.owldev.adsignage.domain.playevent.PlayEventControllerTest" time="0.004"/>
  <testcase name="POST FINISHED also persists and coexists with STARTED rows()" classname="me.owldev.adsignage.domain.playevent.PlayEventControllerTest" time="0.005"/>
  <testcase name="repository count aggregates only the requested event type()" classname="me.owldev.adsignage.domain.playevent.PlayEventControllerTest" time="0.004"/>
  <testcase name="POST returns 400 when adId is blank()" classname="me.owldev.adsignage.domain.playevent.PlayEventControllerTest" time="0.003"/>
  <testcase name="POST FINISHED returns post-increment server daily count()" classname="me.owldev.adsignage.domain.playevent.PlayEventControllerTest" time="0.006"/>
  <system-out><![CDATA[2026-05-02T23:50:31.302+09:00  INFO 57102 --- [adsignage] [    Test worker] t.c.s.AnnotationConfigContextLoaderUtils : Could not detect default configuration classes for test class [me.owldev.adsignage.domain.playevent.PlayEventControllerTest]: PlayEventControllerTest does not declare any static, non-private, non-final, nested classes annotated with @Configuration.
2026-05-02T23:50:31.303+09:00  INFO 57102 --- [adsignage] [    Test worker] .b.t.c.SpringBootTestContextBootstrapper : Found @SpringBootConfiguration me.owldev.adsignage.AdsignageApplication for test class me.owldev.adsignage.domain.playevent.PlayEventControllerTest

  .   ____          _            __ _ _
 /\\ / ___'_ __ _ _(_)_ __  __ _ \ \ \ \
( ( )\___ | '_ | '_| | '_ \/ _` | \ \ \ \
 \\/  ___)| |_)| | | | | || (_| |  ) ) ) )
  '  |____| .__|_| |_|_| |_\__, | / / / /
 =========|_|==============|___/=/_/_/_/

 :: Spring Boot ::                (v3.3.4)

2026-05-02T23:50:31.308+09:00  INFO 57102 --- [adsignage] [    Test worker] m.o.a.d.p.PlayEventControllerTest        : Starting PlayEventControllerTest using Java 17.0.19 with PID 57102 (started by jinsujang in /Users/jinsujang/Desktop/dev/hackathon/backend)
2026-05-02T23:50:31.308+09:00 DEBUG 57102 --- [adsignage] [    Test worker] m.o.a.d.p.PlayEventControllerTest        : Running with Spring Boot v3.3.4, Spring v6.1.13
2026-05-02T23:50:31.308+09:00  INFO 57102 --- [adsignage] [    Test worker] m.o.a.d.p.PlayEventControllerTest        : No active profile set, falling back to 1 default profile: "default"
2026-05-02T23:50:31.350+09:00  INFO 57102 --- [adsignage] [    Test worker] .s.d.r.c.RepositoryConfigurationDelegate : Bootstrapping Spring Data JPA repositories in DEFAULT mode.
2026-05-02T23:50:31.355+09:00  INFO 57102 --- [adsignage] [    Test worker] .s.d.r.c.RepositoryConfigurationDelegate : Finished Spring Data repository scanning in 5 ms. Found 5 JPA repository interfaces.
2026-05-02T23:50:31.374+09:00  INFO 57102 --- [adsignage] [    Test worker] o.hibernate.jpa.internal.util.LogHelper  : HHH000204: Processing PersistenceUnitInfo [name: default]
2026-05-02T23:50:31.374+09:00  INFO 57102 --- [adsignage] [    Test worker] o.h.c.internal.RegionFactoryInitiator    : HHH000026: Second-level cache disabled
2026-05-02T23:50:31.376+09:00  INFO 57102 --- [adsignage] [    Test worker] o.s.o.j.p.SpringPersistenceUnitInfo      : No LoadTimeWeaver setup: ignoring JPA class transformer
2026-05-02T23:50:31.377+09:00  INFO 57102 --- [adsignage] [    Test worker] com.zaxxer.hikari.HikariDataSource       : HikariPool-8 - Starting...
2026-05-02T23:50:31.377+09:00  INFO 57102 --- [adsignage] [    Test worker] com.zaxxer.hikari.pool.HikariPool        : HikariPool-8 - Added connection conn79: url=jdbc:h2:mem:play-event-controller-test user=SA
2026-05-02T23:50:31.377+09:00  INFO 57102 --- [adsignage] [    Test worker] com.zaxxer.hikari.HikariDataSource       : HikariPool-8 - Start completed.
2026-05-02T23:50:31.377+09:00  WARN 57102 --- [adsignage] [    Test worker] org.hibernate.orm.deprecation            : HHH90000025: H2Dialect does not need to be specified explicitly using 'hibernate.dialect' (remove the property setting and it will be selected by default)
2026-05-02T23:50:31.391+09:00  INFO 57102 --- [adsignage] [    Test worker] o.h.e.t.j.p.i.JtaPlatformInitiator       : HHH000489: No JTA platform available (set 'hibernate.transaction.jta.platform' to enable JTA platform integration)
2026-05-02T23:50:31.393+09:00  INFO 57102 --- [adsignage] [    Test worker] j.LocalContainerEntityManagerFactoryBean : Initialized JPA EntityManagerFactory for persistence unit 'default'
2026-05-02T23:50:31.418+09:00  WARN 57102 --- [adsignage] [    Test worker] .s.s.UserDetailsServiceAutoConfiguration : 

Using generated security password: ab6c756d-124f-479d-9626-e665253af194

This generated password is for development use only. Your security configuration must be updated before running your application in production.

2026-05-02T23:50:31.418+09:00  INFO 57102 --- [adsignage] [    Test worker] r$InitializeUserDetailsManagerConfigurer : Global AuthenticationManager configured with UserDetailsService bean with name inMemoryUserDetailsManager
2026-05-02T23:50:31.442+09:00 DEBUG 57102 --- [adsignage] [    Test worker] m.o.a.auth.jwt.JwtAuthenticationFilter   : Filter 'jwtAuthenticationFilter' configured for use
2026-05-02T23:50:31.442+09:00  INFO 57102 --- [adsignage] [    Test worker] o.s.b.t.m.w.SpringBootMockServletContext : Initializing Spring TestDispatcherServlet ''
2026-05-02T23:50:31.442+09:00  INFO 57102 --- [adsignage] [    Test worker] o.s.t.web.servlet.TestDispatcherServlet  : Initializing Servlet ''
2026-05-02T23:50:31.442+09:00  INFO 57102 --- [adsignage] [    Test worker] o.s.t.web.servlet.TestDispatcherServlet  : Completed initialization in 0 ms
2026-05-02T23:50:31.444+09:00  INFO 57102 --- [adsignage] [    Test worker] m.o.a.d.p.PlayEventControllerTest        : Started PlayEventControllerTest in 0.141 seconds (process running for 6.084)
2026-05-02T23:50:31.474+09:00  INFO 57102 --- [adsignage] [    Test worker] m.o.a.d.playevent.PlayEventController    : POST /api/devices/device-001/play-events adId=ad-001 eventType=FINISHED clientOccurredAt=null
2026-05-02T23:50:31.476+09:00  INFO 57102 --- [adsignage] [    Test worker] m.o.a.domain.playevent.PlayEventService  : play-event recorded: id=2da1c12c-d8a1-4630-9c52-f7c5b7cee1f2 deviceId=device-001 adId=ad-001 eventType=FINISHED occurredAt=2026-05-02T14:50:31.474845Z serverDailyCount=1
2026-05-02T23:50:31.479+09:00  INFO 57102 --- [adsignage] [    Test worker] m.o.a.d.playevent.PlayEventController    : POST /api/devices/device-001/play-events adId=ad-002 eventType=FINISHED clientOccurredAt=null
2026-05-02T23:50:31.481+09:00  INFO 57102 --- [adsignage] [    Test worker] m.o.a.domain.playevent.PlayEventService  : play-event recorded: id=6548441f-a549-4862-902d-0addc1d374dd deviceId=device-001 adId=ad-002 eventType=FINISHED occurredAt=2026-05-02T14:50:31.480156Z serverDailyCount=1
2026-05-02T23:50:31.485+09:00  INFO 57102 --- [adsignage] [    Test worker] m.o.a.d.playevent.PlayEventController    : POST /api/devices/device-001/play-events adId=ad-001 eventType=STARTED clientOccurredAt=null
2026-05-02T23:50:31.486+09:00  INFO 57102 --- [adsignage] [    Test worker] m.o.a.domain.playevent.PlayEventService  : play-event recorded: id=cbb08730-4a91-4572-b1b3-a4a3093c3938 deviceId=device-001 adId=ad-001 eventType=STARTED occurredAt=2026-05-02T14:50:31.485496Z serverDailyCount=0
2026-05-02T23:50:31.491+09:00  INFO 57102 --- [adsignage] [    Test worker] m.o.a.d.playevent.PlayEventController    : POST /api/devices/device-001/play-events adId=ad-001 eventType=FINISHED clientOccurredAt=null
2026-05-02T23:50:31.492+09:00  INFO 57102 --- [adsignage] [    Test worker] m.o.a.domain.playevent.PlayEventService  : play-event recorded: id=5e5b0ae2-3514-453d-8dfa-6ab25f5791e0 deviceId=device-001 adId=ad-001 eventType=FINISHED occurredAt=2026-05-02T14:50:31.491465Z serverDailyCount=1
2026-05-02T23:50:31.508+09:00  INFO 57102 --- [adsignage] [    Test worker] m.o.a.d.playevent.PlayEventController    : POST /api/devices/device-001/play-events adId=ad-001 eventType=STARTED clientOccurredAt=null
2026-05-02T23:50:31.509+09:00  INFO 57102 --- [adsignage] [    Test worker] m.o.a.domain.playevent.PlayEventService  : play-event recorded: id=9e6c3d93-dad9-4b81-bb5e-16734f847893 deviceId=device-001 adId=ad-001 eventType=STARTED occurredAt=2026-05-02T14:50:31.508482Z serverDailyCount=0
2026-05-02T23:50:31.510+09:00  INFO 57102 --- [adsignage] [    Test worker] m.o.a.d.playevent.PlayEventController    : POST /api/devices/device-001/play-events adId=ad-001 eventType=FINISHED clientOccurredAt=null
2026-05-02T23:50:31.511+09:00  INFO 57102 --- [adsignage] [    Test worker] m.o.a.domain.playevent.PlayEventService  : play-event recorded: id=a2f12324-fb92-45a4-867c-756c43e362d1 deviceId=device-001 adId=ad-001 eventType=FINISHED occurredAt=2026-05-02T14:50:31.510254Z serverDailyCount=1
2026-05-02T23:50:31.519+09:00  INFO 57102 --- [adsignage] [    Test worker] m.o.a.d.playevent.PlayEventController    : POST /api/devices/device-001/play-events adId=ad-001 eventType=FINISHED clientOccurredAt=null
2026-05-02T23:50:31.520+09:00  INFO 57102 --- [adsignage] [    Test worker] m.o.a.domain.playevent.PlayEventService  : play-event recorded: id=77468567-2573-41d0-a69e-c232ecc00118 deviceId=device-001 adId=ad-001 eventType=FINISHED occurredAt=2026-05-02T14:50:31.519944Z serverDailyCount=1
2026-05-02T23:50:31.521+09:00  INFO 57102 --- [adsignage] [    Test worker] m.o.a.d.playevent.PlayEventController    : POST /api/devices/device-001/play-events adId=ad-001 eventType=FINISHED clientOccurredAt=null
2026-05-02T23:50:31.522+09:00  INFO 57102 --- [adsignage] [    Test worker] m.o.a.domain.playevent.PlayEventService  : play-event recorded: id=9ad4e4b3-1598-4162-9c4e-1d2e1a16012f deviceId=device-001 adId=ad-001 eventType=FINISHED occurredAt=2026-05-02T14:50:31.521930Z serverDailyCount=2
2026-05-02T23:50:31.523+09:00  INFO 57102 --- [adsignage] [    Test worker] m.o.a.d.playevent.PlayEventController    : POST /api/devices/device-001/play-events adId=ad-001 eventType=FINISHED clientOccurredAt=null
2026-05-02T23:50:31.524+09:00  INFO 57102 --- [adsignage] [    Test worker] m.o.a.domain.playevent.PlayEventService  : play-event recorded: id=f1b3aa96-6c58-47e0-928a-c95eebf92bc3 deviceId=device-001 adId=ad-001 eventType=FINISHED occurredAt=2026-05-02T14:50:31.523528Z serverDailyCount=3
]]></system-out>
  <system-err><![CDATA[]]></system-err>
</testsuite>
