<?xml version="1.0" encoding="UTF-8"?>
<testsuite name="me.owldev.adsignage.sse.DeviceStreamControllerTest" tests="6" skipped="0" failures="0" errors="0" timestamp="2026-05-02T14:50:33" hostname="Jinsuui-MacBookAir.local" time="0.003">
  <properties/>
  <testcase name="stream rejects blank deviceId()" classname="me.owldev.adsignage.sse.DeviceStreamControllerTest" time="0.0"/>
  <testcase name="stream sends an immediate CONNECTED handshake event()" classname="me.owldev.adsignage.sse.DeviceStreamControllerTest" time="0.001"/>
  <testcase name="stream returns an SseEmitter with no server-side timeout()" classname="me.owldev.adsignage.sse.DeviceStreamControllerTest" time="0.0"/>
  <testcase name="stream isolates registrations across different devices()" classname="me.owldev.adsignage.sse.DeviceStreamControllerTest" time="0.001"/>
  <testcase name="stream is annotated with the SSE route and produces TEXT_EVENT_STREAM()" classname="me.owldev.adsignage.sse.DeviceStreamControllerTest" time="0.0"/>
  <testcase name="stream registers the emitter under the deviceId in SseEmitterRegistry()" classname="me.owldev.adsignage.sse.DeviceStreamControllerTest" time="0.001"/>
  <system-out><![CDATA[2026-05-02T23:50:33.397+09:00  INFO 57102 --- [adsignage] [    Test worker] m.o.adsignage.sse.SseEmitterRegistry     : SSE register: device=device-handshake totalEmittersForDevice=1
2026-05-02T23:50:33.397+09:00  INFO 57102 --- [adsignage] [    Test worker] m.o.a.sse.DeviceStreamController         : SSE stream opened: device=device-handshake
2026-05-02T23:50:33.397+09:00  INFO 57102 --- [adsignage] [    Test worker] m.o.adsignage.sse.SseEmitterRegistry     : SSE register: device=device-no-timeout totalEmittersForDevice=1
2026-05-02T23:50:33.397+09:00  INFO 57102 --- [adsignage] [    Test worker] m.o.a.sse.DeviceStreamController         : SSE stream opened: device=device-no-timeout
2026-05-02T23:50:33.398+09:00  INFO 57102 --- [adsignage] [    Test worker] m.o.adsignage.sse.SseEmitterRegistry     : SSE register: device=device-1 totalEmittersForDevice=1
2026-05-02T23:50:33.398+09:00  INFO 57102 --- [adsignage] [    Test worker] m.o.a.sse.DeviceStreamController         : SSE stream opened: device=device-1
2026-05-02T23:50:33.398+09:00  INFO 57102 --- [adsignage] [    Test worker] m.o.adsignage.sse.SseEmitterRegistry     : SSE register: device=device-2 totalEmittersForDevice=1
2026-05-02T23:50:33.398+09:00  INFO 57102 --- [adsignage] [    Test worker] m.o.a.sse.DeviceStreamController         : SSE stream opened: device=device-2
2026-05-02T23:50:33.398+09:00  INFO 57102 --- [adsignage] [    Test worker] m.o.adsignage.sse.SseEmitterRegistry     : SSE register: device=device-2 totalEmittersForDevice=2
2026-05-02T23:50:33.398+09:00  INFO 57102 --- [adsignage] [    Test worker] m.o.a.sse.DeviceStreamController         : SSE stream opened: device=device-2
2026-05-02T23:50:33.399+09:00  INFO 57102 --- [adsignage] [    Test worker] m.o.adsignage.sse.SseEmitterRegistry     : SSE register: device=device-abc totalEmittersForDevice=1
2026-05-02T23:50:33.399+09:00  INFO 57102 --- [adsignage] [    Test worker] m.o.a.sse.DeviceStreamController         : SSE stream opened: device=device-abc
]]></system-out>
  <system-err><![CDATA[]]></system-err>
</testsuite>
