<?xml version="1.0" encoding="UTF-8"?>
<testsuite name="me.owldev.adsignage.domain.assignment.DeviceRestaurantControllerTest" tests="5" skipped="0" failures="0" errors="0" timestamp="2026-05-02T14:50:30" hostname="Jinsuui-MacBookAir.local" time="0.03">
  <properties/>
  <testcase name="PATCH returns 404 when device id is unknown()" classname="me.owldev.adsignage.domain.assignment.DeviceRestaurantControllerTest" time="0.01"/>
  <testcase name="PATCH returns 404 when restaurant id is unknown()" classname="me.owldev.adsignage.domain.assignment.DeviceRestaurantControllerTest" time="0.002"/>
  <testcase name="PATCH on never-assigned device returns 200 and inserts a new active row()" classname="me.owldev.adsignage.domain.assignment.DeviceRestaurantControllerTest" time="0.006"/>
  <testcase name="PATCH remaps existing device and returns 200 with new active assignment()" classname="me.owldev.adsignage.domain.assignment.DeviceRestaurantControllerTest" time="0.008"/>
  <testcase name="PATCH returns 400 when restaurantId is blank()" classname="me.owldev.adsignage.domain.assignment.DeviceRestaurantControllerTest" time="0.003"/>
  <system-out><![CDATA[2026-05-02T23:50:30.655+09:00  INFO 57102 --- [adsignage] [    Test worker] .b.t.c.SpringBootTestContextBootstrapper : Found @SpringBootConfiguration me.owldev.adsignage.AdsignageApplication for test class me.owldev.adsignage.domain.assignment.DeviceRestaurantControllerTest

  .   ____          _            __ _ _
 /\\ / ___'_ __ _ _(_)_ __  __ _ \ \ \ \
( ( )\___ | '_ | '_| | '_ \/ _` | \ \ \ \
 \\/  ___)| |_)| | | | | || (_| |  ) ) ) )
  '  |____| .__|_| |_|_| |_\__, | / / / /
 =========|_|==============|___/=/_/_/_/

 :: Spring Boot ::                (v3.3.4)

2026-05-02T23:50:30.660+09:00  INFO 57102 --- [adsignage] [    Test worker] m.o.a.d.a.DeviceRestaurantControllerTest : Starting DeviceRestaurantControllerTest using Java 17.0.19 with PID 57102 (started by jinsujang in /Users/jinsujang/Desktop/dev/hackathon/backend)
2026-05-02T23:50:30.660+09:00 DEBUG 57102 --- [adsignage] [    Test worker] m.o.a.d.a.DeviceRestaurantControllerTest : Running with Spring Boot v3.3.4, Spring v6.1.13
2026-05-02T23:50:30.660+09:00  INFO 57102 --- [adsignage] [    Test worker] m.o.a.d.a.DeviceRestaurantControllerTest : No active profile set, falling back to 1 default profile: "default"
2026-05-02T23:50:30.699+09:00  INFO 57102 --- [adsignage] [    Test worker] .s.d.r.c.RepositoryConfigurationDelegate : Bootstrapping Spring Data JPA repositories in DEFAULT mode.
2026-05-02T23:50:30.705+09:00  INFO 57102 --- [adsignage] [    Test worker] .s.d.r.c.RepositoryConfigurationDelegate : Finished Spring Data repository scanning in 5 ms. Found 5 JPA repository interfaces.
2026-05-02T23:50:30.724+09:00  INFO 57102 --- [adsignage] [    Test worker] o.hibernate.jpa.internal.util.LogHelper  : HHH000204: Processing PersistenceUnitInfo [name: default]
2026-05-02T23:50:30.724+09:00  INFO 57102 --- [adsignage] [    Test worker] o.h.c.internal.RegionFactoryInitiator    : HHH000026: Second-level cache disabled
2026-05-02T23:50:30.727+09:00  INFO 57102 --- [adsignage] [    Test worker] o.s.o.j.p.SpringPersistenceUnitInfo      : No LoadTimeWeaver setup: ignoring JPA class transformer
2026-05-02T23:50:30.727+09:00  INFO 57102 --- [adsignage] [    Test worker] com.zaxxer.hikari.HikariDataSource       : HikariPool-6 - Starting...
2026-05-02T23:50:30.728+09:00  INFO 57102 --- [adsignage] [    Test worker] com.zaxxer.hikari.pool.HikariPool        : HikariPool-6 - Added connection conn53: url=jdbc:h2:mem:device-restaurant-controller-test user=SA
2026-05-02T23:50:30.728+09:00  INFO 57102 --- [adsignage] [    Test worker] com.zaxxer.hikari.HikariDataSource       : HikariPool-6 - Start completed.
2026-05-02T23:50:30.728+09:00  WARN 57102 --- [adsignage] [    Test worker] org.hibernate.orm.deprecation            : HHH90000025: H2Dialect does not need to be specified explicitly using 'hibernate.dialect' (remove the property setting and it will be selected by default)
2026-05-02T23:50:30.742+09:00  INFO 57102 --- [adsignage] [    Test worker] o.h.e.t.j.p.i.JtaPlatformInitiator       : HHH000489: No JTA platform available (set 'hibernate.transaction.jta.platform' to enable JTA platform integration)
2026-05-02T23:50:30.744+09:00  INFO 57102 --- [adsignage] [    Test worker] j.LocalContainerEntityManagerFactoryBean : Initialized JPA EntityManagerFactory for persistence unit 'default'
2026-05-02T23:50:30.771+09:00  WARN 57102 --- [adsignage] [    Test worker] .s.s.UserDetailsServiceAutoConfiguration : 

Using generated security password: db02fbad-3b25-4051-b4eb-b00dab55dbe3

This generated password is for development use only. Your security configuration must be updated before running your application in production.

2026-05-02T23:50:30.771+09:00  INFO 57102 --- [adsignage] [    Test worker] r$InitializeUserDetailsManagerConfigurer : Global AuthenticationManager configured with UserDetailsService bean with name inMemoryUserDetailsManager
2026-05-02T23:50:30.793+09:00 DEBUG 57102 --- [adsignage] [    Test worker] m.o.a.auth.jwt.JwtAuthenticationFilter   : Filter 'jwtAuthenticationFilter' configured for use
2026-05-02T23:50:30.794+09:00  INFO 57102 --- [adsignage] [    Test worker] o.s.b.t.m.w.SpringBootMockServletContext : Initializing Spring TestDispatcherServlet ''
2026-05-02T23:50:30.794+09:00  INFO 57102 --- [adsignage] [    Test worker] o.s.t.web.servlet.TestDispatcherServlet  : Initializing Servlet ''
2026-05-02T23:50:30.794+09:00  INFO 57102 --- [adsignage] [    Test worker] o.s.t.web.servlet.TestDispatcherServlet  : Completed initialization in 0 ms
2026-05-02T23:50:30.798+09:00  INFO 57102 --- [adsignage] [    Test worker] m.o.a.d.a.DeviceRestaurantControllerTest : Started DeviceRestaurantControllerTest in 0.142 seconds (process running for 5.437)
2026-05-02T23:50:30.807+09:00  INFO 57102 --- [adsignage] [    Test worker] m.o.a.d.a.DeviceRestaurantController     : PATCH /api/devices/unknown-device/restaurant restaurantId=restaurant-A
2026-05-02T23:50:30.810+09:00  INFO 57102 --- [adsignage] [    Test worker] m.o.a.d.a.DeviceRestaurantController     : PATCH /api/devices/device-001/restaurant restaurantId=unknown-restaurant
2026-05-02T23:50:30.812+09:00  INFO 57102 --- [adsignage] [    Test worker] m.o.a.d.a.DeviceRestaurantController     : PATCH /api/devices/device-001/restaurant restaurantId=restaurant-A
2026-05-02T23:50:30.814+09:00  INFO 57102 --- [adsignage] [    Test worker] m.o.a.d.a.DeviceAssignmentService        : updateAssignment: device=device-001 → restaurant=restaurant-A (deactivatedRows=0, newAssignmentId=70911cab-f073-4c9d-832c-0e0cd820ceee)
2026-05-02T23:50:30.814+09:00  INFO 57102 --- [adsignage] [    Test worker] m.o.a.s.DeviceMappingChangedSseListener  : MAPPING_CHANGED → device=device-001 newRestaurant=restaurant-A delivered=0
2026-05-02T23:50:30.821+09:00  INFO 57102 --- [adsignage] [    Test worker] m.o.a.d.a.DeviceAssignmentController     : POST /api/devices/device-001/assignment restaurantId=restaurant-A
2026-05-02T23:50:30.822+09:00  INFO 57102 --- [adsignage] [    Test worker] m.o.a.d.a.DeviceAssignmentService        : createAssignment: device=device-001 restaurant=restaurant-A assignmentId=5a7c855a-8199-49e0-a74a-6a4eec7c2442
2026-05-02T23:50:30.822+09:00  INFO 57102 --- [adsignage] [    Test worker] m.o.a.s.DeviceMappingChangedSseListener  : MAPPING_CHANGED → device=device-001 newRestaurant=restaurant-A delivered=0
2026-05-02T23:50:30.823+09:00  INFO 57102 --- [adsignage] [    Test worker] m.o.a.d.a.DeviceRestaurantController     : PATCH /api/devices/device-001/restaurant restaurantId=restaurant-B
2026-05-02T23:50:30.824+09:00  INFO 57102 --- [adsignage] [    Test worker] m.o.a.d.a.DeviceAssignmentService        : updateAssignment: device=device-001 → restaurant=restaurant-B (deactivatedRows=1, newAssignmentId=ed719376-9c6e-42fa-a4a5-b40efb549792)
2026-05-02T23:50:30.824+09:00  INFO 57102 --- [adsignage] [    Test worker] m.o.a.s.DeviceMappingChangedSseListener  : MAPPING_CHANGED → device=device-001 newRestaurant=restaurant-B delivered=0
]]></system-out>
  <system-err><![CDATA[]]></system-err>
</testsuite>
