<?xml version="1.0" encoding="UTF-8"?>
<testsuite name="me.owldev.adsignage.sse.PlaylistEventPublisherTest" tests="9" skipped="0" failures="0" errors="0" timestamp="2026-05-02T14:50:33" hostname="Jinsuui-MacBookAir.local" time="0.005">
  <properties/>
  <testcase name="publishPlaylistUpdated delegates failure handling to registry — bad emitter is purged()" classname="me.owldev.adsignage.sse.PlaylistEventPublisherTest" time="0.001"/>
  <testcase name="publishPlaylistUpdated broadcasts to every emitter for the target device()" classname="me.owldev.adsignage.sse.PlaylistEventPublisherTest" time="0.0"/>
  <testcase name="publishPlaylistUpdated rejects blank deviceId on typed overload()" classname="me.owldev.adsignage.sse.PlaylistEventPublisherTest" time="0.001"/>
  <testcase name="publishPlaylistUpdated is a no-op when no emitters are registered()" classname="me.owldev.adsignage.sse.PlaylistEventPublisherTest" time="0.0"/>
  <testcase name="publishPlaylistUpdated tags the event as PLAYLIST_UPDATE and carries the payload()" classname="me.owldev.adsignage.sse.PlaylistEventPublisherTest" time="0.001"/>
  <testcase name="publishPlaylistUpdated does not deliver to other devices()" classname="me.owldev.adsignage.sse.PlaylistEventPublisherTest" time="0.0"/>
  <testcase name="publishPlaylistUpdated Any-overload forwards arbitrary JSON-shaped payloads()" classname="me.owldev.adsignage.sse.PlaylistEventPublisherTest" time="0.001"/>
  <testcase name="publishPlaylistUpdated reads emitters from the registry on every call()" classname="me.owldev.adsignage.sse.PlaylistEventPublisherTest" time="0.0"/>
  <testcase name="publishPlaylistUpdated rejects blank deviceId on Any overload()" classname="me.owldev.adsignage.sse.PlaylistEventPublisherTest" time="0.001"/>
  <system-out><![CDATA[2026-05-02T23:50:33.400+09:00  INFO 57102 --- [adsignage] [    Test worker] m.o.adsignage.sse.SseEmitterRegistry     : SSE register: device=device-with-broken-listener totalEmittersForDevice=1
2026-05-02T23:50:33.400+09:00  INFO 57102 --- [adsignage] [    Test worker] m.o.adsignage.sse.SseEmitterRegistry     : SSE register: device=device-with-broken-listener totalEmittersForDevice=2
2026-05-02T23:50:33.400+09:00 DEBUG 57102 --- [adsignage] [    Test worker] m.o.adsignage.sse.SseEmitterRegistry     : SSE send failed (IO) for device=device-with-broken-listener: client gone
2026-05-02T23:50:33.400+09:00  INFO 57102 --- [adsignage] [    Test worker] m.o.adsignage.sse.SseEmitterRegistry     : SSE broadcast: device=device-with-broken-listener delivered=1/1 attempted
2026-05-02T23:50:33.400+09:00  INFO 57102 --- [adsignage] [    Test worker] m.o.a.sse.PlaylistEventPublisher         : PLAYLIST_UPDATE → device=device-with-broken-listener emitters=2 delivered=1
2026-05-02T23:50:33.400+09:00  INFO 57102 --- [adsignage] [    Test worker] m.o.adsignage.sse.SseEmitterRegistry     : SSE register: device=device-7e7bea16-f553-4f1e-a9de-f951848bbccd totalEmittersForDevice=1
2026-05-02T23:50:33.400+09:00  INFO 57102 --- [adsignage] [    Test worker] m.o.adsignage.sse.SseEmitterRegistry     : SSE register: device=device-7e7bea16-f553-4f1e-a9de-f951848bbccd totalEmittersForDevice=2
2026-05-02T23:50:33.400+09:00  INFO 57102 --- [adsignage] [    Test worker] m.o.adsignage.sse.SseEmitterRegistry     : SSE broadcast: device=device-7e7bea16-f553-4f1e-a9de-f951848bbccd delivered=2/2 attempted
2026-05-02T23:50:33.400+09:00  INFO 57102 --- [adsignage] [    Test worker] m.o.a.sse.PlaylistEventPublisher         : PLAYLIST_UPDATE → device=device-7e7bea16-f553-4f1e-a9de-f951848bbccd emitters=2 delivered=2
2026-05-02T23:50:33.401+09:00 DEBUG 57102 --- [adsignage] [    Test worker] m.o.a.sse.PlaylistEventPublisher         : PLAYLIST_UPDATE skipped (no live emitters): device=ghost-device
2026-05-02T23:50:33.401+09:00  INFO 57102 --- [adsignage] [    Test worker] m.o.adsignage.sse.SseEmitterRegistry     : SSE register: device=device-name-check totalEmittersForDevice=1
2026-05-02T23:50:33.402+09:00  INFO 57102 --- [adsignage] [    Test worker] m.o.adsignage.sse.SseEmitterRegistry     : SSE broadcast: device=device-name-check delivered=1/1 attempted
2026-05-02T23:50:33.402+09:00  INFO 57102 --- [adsignage] [    Test worker] m.o.a.sse.PlaylistEventPublisher         : PLAYLIST_UPDATE → device=device-name-check emitters=1 delivered=1
2026-05-02T23:50:33.402+09:00  INFO 57102 --- [adsignage] [    Test worker] m.o.adsignage.sse.SseEmitterRegistry     : SSE register: device=device-target totalEmittersForDevice=1
2026-05-02T23:50:33.402+09:00  INFO 57102 --- [adsignage] [    Test worker] m.o.adsignage.sse.SseEmitterRegistry     : SSE register: device=device-other totalEmittersForDevice=1
2026-05-02T23:50:33.402+09:00  INFO 57102 --- [adsignage] [    Test worker] m.o.adsignage.sse.SseEmitterRegistry     : SSE broadcast: device=device-target delivered=1/1 attempted
2026-05-02T23:50:33.402+09:00  INFO 57102 --- [adsignage] [    Test worker] m.o.a.sse.PlaylistEventPublisher         : PLAYLIST_UPDATE → device=device-target emitters=1 delivered=1
2026-05-02T23:50:33.403+09:00  INFO 57102 --- [adsignage] [    Test worker] m.o.adsignage.sse.SseEmitterRegistry     : SSE register: device=device-loose-payload totalEmittersForDevice=1
2026-05-02T23:50:33.403+09:00  INFO 57102 --- [adsignage] [    Test worker] m.o.adsignage.sse.SseEmitterRegistry     : SSE broadcast: device=device-loose-payload delivered=1/1 attempted
2026-05-02T23:50:33.403+09:00  INFO 57102 --- [adsignage] [    Test worker] m.o.a.sse.PlaylistEventPublisher         : PLAYLIST_UPDATE → device=device-loose-payload emitters=1 delivered=1
2026-05-02T23:50:33.403+09:00  INFO 57102 --- [adsignage] [    Test worker] m.o.adsignage.sse.SseEmitterRegistry     : SSE register: device=device-late-join totalEmittersForDevice=1
2026-05-02T23:50:33.403+09:00  INFO 57102 --- [adsignage] [    Test worker] m.o.adsignage.sse.SseEmitterRegistry     : SSE broadcast: device=device-late-join delivered=1/1 attempted
2026-05-02T23:50:33.403+09:00  INFO 57102 --- [adsignage] [    Test worker] m.o.a.sse.PlaylistEventPublisher         : PLAYLIST_UPDATE → device=device-late-join emitters=1 delivered=1
2026-05-02T23:50:33.403+09:00  INFO 57102 --- [adsignage] [    Test worker] m.o.adsignage.sse.SseEmitterRegistry     : SSE register: device=device-late-join totalEmittersForDevice=2
2026-05-02T23:50:33.403+09:00  INFO 57102 --- [adsignage] [    Test worker] m.o.adsignage.sse.SseEmitterRegistry     : SSE broadcast: device=device-late-join delivered=2/2 attempted
2026-05-02T23:50:33.403+09:00  INFO 57102 --- [adsignage] [    Test worker] m.o.a.sse.PlaylistEventPublisher         : PLAYLIST_UPDATE → device=device-late-join emitters=2 delivered=2
]]></system-out>
  <system-err><![CDATA[]]></system-err>
</testsuite>
