<?xml version="1.0" encoding="UTF-8"?>
<testsuite name="me.owldev.adsignage.sse.RemapEndToEndTimingTest" tests="1" skipped="0" failures="0" errors="0" timestamp="2026-05-02T14:50:33" hostname="Jinsuui-MacBookAir.local" time="0.115">
  <properties/>
  <testcase name="remap PATCH triggers MAPPING_CHANGED on SSE stream within 3 seconds()" classname="me.owldev.adsignage.sse.RemapEndToEndTimingTest" time="0.115"/>
  <system-out><![CDATA[2026-05-02T23:50:33.449+09:00  INFO 57102 --- [adsignage] [    Test worker] .b.t.c.SpringBootTestContextBootstrapper : Found @SpringBootConfiguration me.owldev.adsignage.AdsignageApplication for test class me.owldev.adsignage.sse.RemapEndToEndTimingTest

  .   ____          _            __ _ _
 /\\ / ___'_ __ _ _(_)_ __  __ _ \ \ \ \
( ( )\___ | '_ | '_| | '_ \/ _` | \ \ \ \
 \\/  ___)| |_)| | | | | || (_| |  ) ) ) )
  '  |____| .__|_| |_|_| |_\__, | / / / /
 =========|_|==============|___/=/_/_/_/

 :: Spring Boot ::                (v3.3.4)

2026-05-02T23:50:33.462+09:00  INFO 57102 --- [adsignage] [    Test worker] m.o.a.sse.RemapEndToEndTimingTest        : Starting RemapEndToEndTimingTest using Java 17.0.19 with PID 57102 (started by jinsujang in /Users/jinsujang/Desktop/dev/hackathon/backend)
2026-05-02T23:50:33.462+09:00 DEBUG 57102 --- [adsignage] [    Test worker] m.o.a.sse.RemapEndToEndTimingTest        : Running with Spring Boot v3.3.4, Spring v6.1.13
2026-05-02T23:50:33.462+09:00  INFO 57102 --- [adsignage] [    Test worker] m.o.a.sse.RemapEndToEndTimingTest        : No active profile set, falling back to 1 default profile: "default"
2026-05-02T23:50:33.532+09:00  INFO 57102 --- [adsignage] [    Test worker] .s.d.r.c.RepositoryConfigurationDelegate : Bootstrapping Spring Data JPA repositories in DEFAULT mode.
2026-05-02T23:50:33.541+09:00  INFO 57102 --- [adsignage] [    Test worker] .s.d.r.c.RepositoryConfigurationDelegate : Finished Spring Data repository scanning in 8 ms. Found 5 JPA repository interfaces.
2026-05-02T23:50:33.616+09:00  INFO 57102 --- [adsignage] [    Test worker] o.s.b.w.embedded.tomcat.TomcatWebServer  : Tomcat initialized with port 0 (http)
2026-05-02T23:50:33.643+09:00  INFO 57102 --- [adsignage] [    Test worker] w.s.c.ServletWebServerApplicationContext : Root WebApplicationContext: initialization completed in 179 ms
2026-05-02T23:50:33.658+09:00 DEBUG 57102 --- [adsignage] [    Test worker] m.o.a.auth.jwt.JwtAuthenticationFilter   : Filter 'jwtAuthenticationFilter' configured for use
2026-05-02T23:50:33.675+09:00  INFO 57102 --- [adsignage] [    Test worker] o.hibernate.jpa.internal.util.LogHelper  : HHH000204: Processing PersistenceUnitInfo [name: default]
2026-05-02T23:50:33.676+09:00  INFO 57102 --- [adsignage] [    Test worker] o.h.c.internal.RegionFactoryInitiator    : HHH000026: Second-level cache disabled
2026-05-02T23:50:33.679+09:00  INFO 57102 --- [adsignage] [    Test worker] o.s.o.j.p.SpringPersistenceUnitInfo      : No LoadTimeWeaver setup: ignoring JPA class transformer
2026-05-02T23:50:33.679+09:00  INFO 57102 --- [adsignage] [    Test worker] com.zaxxer.hikari.HikariDataSource       : HikariPool-12 - Starting...
2026-05-02T23:50:33.680+09:00  INFO 57102 --- [adsignage] [    Test worker] com.zaxxer.hikari.pool.HikariPool        : HikariPool-12 - Added connection conn128: url=jdbc:h2:mem:remap-e2e-timing-test user=SA
2026-05-02T23:50:33.680+09:00  INFO 57102 --- [adsignage] [    Test worker] com.zaxxer.hikari.HikariDataSource       : HikariPool-12 - Start completed.
2026-05-02T23:50:33.680+09:00  WARN 57102 --- [adsignage] [    Test worker] org.hibernate.orm.deprecation            : HHH90000025: H2Dialect does not need to be specified explicitly using 'hibernate.dialect' (remove the property setting and it will be selected by default)
2026-05-02T23:50:33.702+09:00  INFO 57102 --- [adsignage] [    Test worker] o.h.e.t.j.p.i.JtaPlatformInitiator       : HHH000489: No JTA platform available (set 'hibernate.transaction.jta.platform' to enable JTA platform integration)
2026-05-02T23:50:33.705+09:00  INFO 57102 --- [adsignage] [    Test worker] j.LocalContainerEntityManagerFactoryBean : Initialized JPA EntityManagerFactory for persistence unit 'default'
2026-05-02T23:50:33.755+09:00  WARN 57102 --- [adsignage] [    Test worker] .s.s.UserDetailsServiceAutoConfiguration : 

Using generated security password: b5d56eb8-6572-4632-b719-9083056ae0c9

This generated password is for development use only. Your security configuration must be updated before running your application in production.

2026-05-02T23:50:33.755+09:00  INFO 57102 --- [adsignage] [    Test worker] r$InitializeUserDetailsManagerConfigurer : Global AuthenticationManager configured with UserDetailsService bean with name inMemoryUserDetailsManager
2026-05-02T23:50:33.810+09:00  INFO 57102 --- [adsignage] [    Test worker] o.s.b.w.embedded.tomcat.TomcatWebServer  : Tomcat started on port 65525 (http) with context path '/'
2026-05-02T23:50:33.812+09:00  INFO 57102 --- [adsignage] [    Test worker] m.o.a.sse.RemapEndToEndTimingTest        : Started RemapEndToEndTimingTest in 0.36 seconds (process running for 8.451)
2026-05-02T23:50:33.817+09:00  INFO 57102 --- [adsignage] [    Test worker] m.o.a.d.a.DeviceAssignmentService        : createAssignment: device=dev-0c88ae26 restaurant=rest-A-613ab2aa assignmentId=9848f811-a5a5-4904-93b4-6fcf552a3349
2026-05-02T23:50:33.817+09:00  INFO 57102 --- [adsignage] [    Test worker] m.o.a.s.DeviceMappingChangedSseListener  : MAPPING_CHANGED → device=dev-0c88ae26 newRestaurant=rest-A-613ab2aa delivered=0
2026-05-02T23:50:33.904+09:00  INFO 57102 --- [adsignage] [o-auto-1-exec-1] m.o.adsignage.sse.SseEmitterRegistry     : SSE register: device=dev-0c88ae26 totalEmittersForDevice=1
2026-05-02T23:50:33.904+09:00  INFO 57102 --- [adsignage] [o-auto-1-exec-1] m.o.a.sse.DeviceStreamController         : SSE stream opened: device=dev-0c88ae26
2026-05-02T23:50:33.918+09:00  INFO 57102 --- [adsignage] [o-auto-1-exec-2] m.o.a.d.assignment.DeviceController      : PATCH /api/devices/dev-0c88ae26 restaurantId=rest-B-d0367cba screenName=null groupName=null
2026-05-02T23:50:33.920+09:00  INFO 57102 --- [adsignage] [o-auto-1-exec-2] m.o.a.d.a.DeviceAssignmentService        : updateAssignment: device=dev-0c88ae26 → restaurant=rest-B-d0367cba (deactivatedRows=1, newAssignmentId=d165c607-eabb-455e-89af-be13942c0d7c)
2026-05-02T23:50:33.920+09:00  INFO 57102 --- [adsignage] [o-auto-1-exec-2] m.o.a.d.assignment.DeviceUpdateService   : applyPatch: device=dev-0c88ae26 restaurantId=rest-B-d0367cba (assignmentId=d165c607-eabb-455e-89af-be13942c0d7c)
2026-05-02T23:50:33.924+09:00  INFO 57102 --- [adsignage] [o-auto-1-exec-2] m.o.adsignage.sse.SseEmitterRegistry     : SSE broadcast: device=dev-0c88ae26 delivered=1/1 attempted
2026-05-02T23:50:33.924+09:00  INFO 57102 --- [adsignage] [o-auto-1-exec-2] m.o.a.s.DeviceMappingChangedSseListener  : MAPPING_CHANGED → device=dev-0c88ae26 newRestaurant=rest-B-d0367cba delivered=1
]]></system-out>
  <system-err><![CDATA[]]></system-err>
</testsuite>
