<?xml version="1.0" encoding="UTF-8"?>
<testsuite name="me.owldev.adsignage.auth.jwt.JwtAccessDeniedHandlerTest" tests="2" skipped="0" failures="0" errors="0" timestamp="2026-05-02T14:50:28" hostname="Jinsuui-MacBookAir.local" time="0.001">
  <properties/>
  <testcase name="handle emits JSON 403 with stable error envelope()" classname="me.owldev.adsignage.auth.jwt.JwtAccessDeniedHandlerTest" time="0.001"/>
  <testcase name="handle is a no-op when the response is already committed()" classname="me.owldev.adsignage.auth.jwt.JwtAccessDeniedHandlerTest" time="0.0"/>
  <system-out><![CDATA[2026-05-02T23:50:28.802+09:00 DEBUG 57102 --- [adsignage] [    Test worker] m.o.a.auth.jwt.JwtAccessDeniedHandler    : Forbidden request rejected path=/api/admin/secret reason=Access is denied (rule: hasRole('ADMIN'))
2026-05-02T23:50:28.804+09:00 DEBUG 57102 --- [adsignage] [    Test worker] m.o.a.auth.jwt.JwtAccessDeniedHandler    : Forbidden request rejected path=/api/admin/secret reason=anything
2026-05-02T23:50:28.804+09:00 DEBUG 57102 --- [adsignage] [    Test worker] m.o.a.auth.jwt.JwtAccessDeniedHandler    : Response already committed; skipping JSON 403 body for path=/api/admin/secret
]]></system-out>
  <system-err><![CDATA[]]></system-err>
</testsuite>
