<?xml version="1.0" encoding="UTF-8"?>
<testsuite name="me.owldev.adsignage.domain.video.streaming.VideoStreamingControllerTest" tests="12" skipped="0" failures="0" errors="0" timestamp="2026-05-02T14:50:32" hostname="Jinsuui-MacBookAir.local" time="0.053">
  <properties/>
  <testcase name="GET is publicly accessible (no JWT required)()" classname="me.owldev.adsignage.domain.video.streaming.VideoStreamingControllerTest" time="0.01"/>
  <testcase name="GET with mid-file Range bytes=200-299 returns the matching slice()" classname="me.owldev.adsignage.domain.video.streaming.VideoStreamingControllerTest" time="0.006"/>
  <testcase name="GET with Range bytes=0-0 returns the single first byte()" classname="me.owldev.adsignage.domain.video.streaming.VideoStreamingControllerTest" time="0.004"/>
  <testcase name="GET without Range header returns 200 with full payload and Accept-Ranges bytes()" classname="me.owldev.adsignage.domain.video.streaming.VideoStreamingControllerTest" time="0.003"/>
  <testcase name="GET when on-disk file is missing returns 404 even though row exists()" classname="me.owldev.adsignage.domain.video.streaming.VideoStreamingControllerTest" time="0.007"/>
  <testcase name="GET with Range past last byte returns 416()" classname="me.owldev.adsignage.domain.video.streaming.VideoStreamingControllerTest" time="0.004"/>
  <testcase name="GET with open-ended Range bytes=N- returns N to EOF()" classname="me.owldev.adsignage.domain.video.streaming.VideoStreamingControllerTest" time="0.002"/>
  <testcase name="GET with Range past EOF returns 416 with Content-Range bytes star size()" classname="me.owldev.adsignage.domain.video.streaming.VideoStreamingControllerTest" time="0.002"/>
  <testcase name="GET with Range bytes=0-99 returns 206 with the first 100 bytes and proper Content-Range()" classname="me.owldev.adsignage.domain.video.streaming.VideoStreamingControllerTest" time="0.002"/>
  <testcase name="GET with malformed Range header falls back to full content (200)()" classname="me.owldev.adsignage.domain.video.streaming.VideoStreamingControllerTest" time="0.002"/>
  <testcase name="GET with suffix Range bytes=-50 returns the last 50 bytes()" classname="me.owldev.adsignage.domain.video.streaming.VideoStreamingControllerTest" time="0.004"/>
  <testcase name="GET unknown filename returns 404()" classname="me.owldev.adsignage.domain.video.streaming.VideoStreamingControllerTest" time="0.002"/>
  <system-out><![CDATA[2026-05-02T23:50:32.671+09:00  INFO 57102 --- [adsignage] [    Test worker] t.c.s.AnnotationConfigContextLoaderUtils : Could not detect default configuration classes for test class [me.owldev.adsignage.domain.video.streaming.VideoStreamingControllerTest]: VideoStreamingControllerTest does not declare any static, non-private, non-final, nested classes annotated with @Configuration.
2026-05-02T23:50:32.676+09:00  INFO 57102 --- [adsignage] [    Test worker] .b.t.c.SpringBootTestContextBootstrapper : Found @SpringBootConfiguration me.owldev.adsignage.AdsignageApplication for test class me.owldev.adsignage.domain.video.streaming.VideoStreamingControllerTest

  .   ____          _            __ _ _
 /\\ / ___'_ __ _ _(_)_ __  __ _ \ \ \ \
( ( )\___ | '_ | '_| | '_ \/ _` | \ \ \ \
 \\/  ___)| |_)| | | | | || (_| |  ) ) ) )
  '  |____| .__|_| |_|_| |_\__, | / / / /
 =========|_|==============|___/=/_/_/_/

 :: Spring Boot ::                (v3.3.4)

2026-05-02T23:50:32.681+09:00  INFO 57102 --- [adsignage] [    Test worker] m.o.a.d.v.s.VideoStreamingControllerTest : Starting VideoStreamingControllerTest using Java 17.0.19 with PID 57102 (started by jinsujang in /Users/jinsujang/Desktop/dev/hackathon/backend)
2026-05-02T23:50:32.681+09:00 DEBUG 57102 --- [adsignage] [    Test worker] m.o.a.d.v.s.VideoStreamingControllerTest : Running with Spring Boot v3.3.4, Spring v6.1.13
2026-05-02T23:50:32.681+09:00  INFO 57102 --- [adsignage] [    Test worker] m.o.a.d.v.s.VideoStreamingControllerTest : No active profile set, falling back to 1 default profile: "default"
2026-05-02T23:50:32.716+09:00  INFO 57102 --- [adsignage] [    Test worker] .s.d.r.c.RepositoryConfigurationDelegate : Bootstrapping Spring Data JPA repositories in DEFAULT mode.
2026-05-02T23:50:32.722+09:00  INFO 57102 --- [adsignage] [    Test worker] .s.d.r.c.RepositoryConfigurationDelegate : Finished Spring Data repository scanning in 5 ms. Found 5 JPA repository interfaces.
2026-05-02T23:50:32.738+09:00  INFO 57102 --- [adsignage] [    Test worker] o.hibernate.jpa.internal.util.LogHelper  : HHH000204: Processing PersistenceUnitInfo [name: default]
2026-05-02T23:50:32.739+09:00  INFO 57102 --- [adsignage] [    Test worker] o.h.c.internal.RegionFactoryInitiator    : HHH000026: Second-level cache disabled
2026-05-02T23:50:32.741+09:00  INFO 57102 --- [adsignage] [    Test worker] o.s.o.j.p.SpringPersistenceUnitInfo      : No LoadTimeWeaver setup: ignoring JPA class transformer
2026-05-02T23:50:32.741+09:00  INFO 57102 --- [adsignage] [    Test worker] com.zaxxer.hikari.HikariDataSource       : HikariPool-10 - Starting...
2026-05-02T23:50:32.741+09:00  INFO 57102 --- [adsignage] [    Test worker] com.zaxxer.hikari.pool.HikariPool        : HikariPool-10 - Added connection conn108: url=jdbc:h2:mem:video-streaming-test user=SA
2026-05-02T23:50:32.741+09:00  INFO 57102 --- [adsignage] [    Test worker] com.zaxxer.hikari.HikariDataSource       : HikariPool-10 - Start completed.
2026-05-02T23:50:32.741+09:00  WARN 57102 --- [adsignage] [    Test worker] org.hibernate.orm.deprecation            : HHH90000025: H2Dialect does not need to be specified explicitly using 'hibernate.dialect' (remove the property setting and it will be selected by default)
2026-05-02T23:50:32.754+09:00  INFO 57102 --- [adsignage] [    Test worker] o.h.e.t.j.p.i.JtaPlatformInitiator       : HHH000489: No JTA platform available (set 'hibernate.transaction.jta.platform' to enable JTA platform integration)
2026-05-02T23:50:32.756+09:00  INFO 57102 --- [adsignage] [    Test worker] j.LocalContainerEntityManagerFactoryBean : Initialized JPA EntityManagerFactory for persistence unit 'default'
2026-05-02T23:50:32.781+09:00  WARN 57102 --- [adsignage] [    Test worker] .s.s.UserDetailsServiceAutoConfiguration : 

Using generated security password: 028aa485-b447-4ae4-92e7-d60d07d0a17d

This generated password is for development use only. Your security configuration must be updated before running your application in production.

2026-05-02T23:50:32.781+09:00  INFO 57102 --- [adsignage] [    Test worker] r$InitializeUserDetailsManagerConfigurer : Global AuthenticationManager configured with UserDetailsService bean with name inMemoryUserDetailsManager
2026-05-02T23:50:32.801+09:00 DEBUG 57102 --- [adsignage] [    Test worker] m.o.a.auth.jwt.JwtAuthenticationFilter   : Filter 'jwtAuthenticationFilter' configured for use
2026-05-02T23:50:32.801+09:00  INFO 57102 --- [adsignage] [    Test worker] o.s.b.t.m.w.SpringBootMockServletContext : Initializing Spring TestDispatcherServlet ''
2026-05-02T23:50:32.801+09:00  INFO 57102 --- [adsignage] [    Test worker] o.s.t.web.servlet.TestDispatcherServlet  : Initializing Servlet ''
2026-05-02T23:50:32.801+09:00  INFO 57102 --- [adsignage] [    Test worker] o.s.t.web.servlet.TestDispatcherServlet  : Completed initialization in 0 ms
2026-05-02T23:50:32.803+09:00  INFO 57102 --- [adsignage] [    Test worker] m.o.a.d.v.s.VideoStreamingControllerTest : Started VideoStreamingControllerTest in 0.126 seconds (process running for 7.442)
2026-05-02T23:50:32.808+09:00 DEBUG 57102 --- [adsignage] [    Test worker] m.o.a.d.v.s.VideoStreamingController     : GET /api/videos/c484b991-9f47-4326-9dfa-1de9163ec3b9.mp4 full-content response size=1024B mime=video/mp4
2026-05-02T23:50:32.817+09:00 DEBUG 57102 --- [adsignage] [    Test worker] m.o.a.d.v.s.VideoStreamingController     : GET /api/videos/328f6759-d937-4180-a8d6-70b6be21ca22.mp4 partial-content range=200-299/1024 length=100B mime=video/mp4
2026-05-02T23:50:32.823+09:00 DEBUG 57102 --- [adsignage] [    Test worker] m.o.a.d.v.s.VideoStreamingController     : GET /api/videos/b83fc6c8-4e1b-4d6b-af8a-414f0da50ba0.mp4 partial-content range=0-0/1024 length=1B mime=video/mp4
2026-05-02T23:50:32.826+09:00 DEBUG 57102 --- [adsignage] [    Test worker] m.o.a.d.v.s.VideoStreamingController     : GET /api/videos/cd242853-bb12-4076-b1df-5af6de350f0d.mp4 full-content response size=1024B mime=video/mp4
2026-05-02T23:50:32.830+09:00  WARN 57102 --- [adsignage] [    Test worker] m.o.a.d.v.s.VideoStreamingController     : video metadata exists but file is missing on disk: filename=4fee863b-0243-4f94-84ec-1de6f5c663bb.mp4 path=/var/folders/3g/13jv45350qdfq343d5rlklx40000gn/T/junit6902498002246094379/does-not-exist-on-disk
2026-05-02T23:50:32.837+09:00  WARN 57102 --- [adsignage] [    Test worker] m.o.a.d.v.s.VideoStreamingController     : Range 'bytes=1024-2047' is unsatisfiable for 3b04fd21-7862-49a3-b59c-d5b0e2714854.mp4 (size=1024B): start=1024 end=1023
2026-05-02T23:50:32.840+09:00 DEBUG 57102 --- [adsignage] [    Test worker] m.o.a.d.v.s.VideoStreamingController     : GET /api/videos/1bfcaee8-783b-4cb6-9807-746e68b836ac.mp4 partial-content range=900-1023/1024 length=124B mime=video/mp4
2026-05-02T23:50:32.843+09:00  WARN 57102 --- [adsignage] [    Test worker] m.o.a.d.v.s.VideoStreamingController     : Range 'bytes=99999-' is unsatisfiable for 30b2da0c-d935-46c8-a224-4d37f1e78294.mp4 (size=1024B): start=99999 end=1023
2026-05-02T23:50:32.845+09:00 DEBUG 57102 --- [adsignage] [    Test worker] m.o.a.d.v.s.VideoStreamingController     : GET /api/videos/3b8d121a-6508-4986-95d3-64ca5b9305e8.mp4 partial-content range=0-99/1024 length=100B mime=video/mp4
2026-05-02T23:50:32.848+09:00  WARN 57102 --- [adsignage] [    Test worker] m.o.a.d.v.s.VideoStreamingController     : ignoring malformed Range header for 9767ef70-ccde-4ba6-945e-5ca9ff258b7b.mp4: 'weirdunit=0-9' (Range 'weirdunit=0-9' does not start with 'bytes=')
2026-05-02T23:50:32.853+09:00 DEBUG 57102 --- [adsignage] [    Test worker] m.o.a.d.v.s.VideoStreamingController     : GET /api/videos/88180358-198a-4d3b-8d79-7899fd6c2967.mp4 partial-content range=974-1023/1024 length=50B mime=video/mp4
]]></system-out>
  <system-err><![CDATA[]]></system-err>
</testsuite>
