<?xml version="1.0" encoding="UTF-8"?>
<testsuite name="me.owldev.adsignage.sse.DeviceMappingChangedAfterCommitTest" tests="3" skipped="0" failures="0" errors="0" timestamp="2026-05-02T14:50:33" hostname="Jinsuui-MacBookAir.local" time="0.02">
  <properties/>
  <testcase name="MAPPING_CHANGED is broadcast after updateAssignment commits()" classname="me.owldev.adsignage.sse.DeviceMappingChangedAfterCommitTest" time="0.009"/>
  <testcase name="MAPPING_CHANGED is broadcast after createAssignment commits()" classname="me.owldev.adsignage.sse.DeviceMappingChangedAfterCommitTest" time="0.005"/>
  <testcase name="MAPPING_CHANGED is NOT broadcast when the assignment transaction rolls back()" classname="me.owldev.adsignage.sse.DeviceMappingChangedAfterCommitTest" time="0.004"/>
  <system-out><![CDATA[2026-05-02T23:50:33.004+09:00  INFO 57102 --- [adsignage] [    Test worker] .b.t.c.SpringBootTestContextBootstrapper : Found @SpringBootConfiguration me.owldev.adsignage.AdsignageApplication for test class me.owldev.adsignage.sse.DeviceMappingChangedAfterCommitTest

  .   ____          _            __ _ _
 /\\ / ___'_ __ _ _(_)_ __  __ _ \ \ \ \
( ( )\___ | '_ | '_| | '_ \/ _` | \ \ \ \
 \\/  ___)| |_)| | | | | || (_| |  ) ) ) )
  '  |____| .__|_| |_|_| |_\__, | / / / /
 =========|_|==============|___/=/_/_/_/

 :: Spring Boot ::                (v3.3.4)

2026-05-02T23:50:33.028+09:00  INFO 57102 --- [adsignage] [    Test worker] .a.s.DeviceMappingChangedAfterCommitTest : Starting DeviceMappingChangedAfterCommitTest using Java 17.0.19 with PID 57102 (started by jinsujang in /Users/jinsujang/Desktop/dev/hackathon/backend)
2026-05-02T23:50:33.028+09:00 DEBUG 57102 --- [adsignage] [    Test worker] .a.s.DeviceMappingChangedAfterCommitTest : Running with Spring Boot v3.3.4, Spring v6.1.13
2026-05-02T23:50:33.028+09:00  INFO 57102 --- [adsignage] [    Test worker] .a.s.DeviceMappingChangedAfterCommitTest : No active profile set, falling back to 1 default profile: "default"
2026-05-02T23:50:33.129+09:00  INFO 57102 --- [adsignage] [    Test worker] .s.d.r.c.RepositoryConfigurationDelegate : Bootstrapping Spring Data JPA repositories in DEFAULT mode.
2026-05-02T23:50:33.140+09:00  INFO 57102 --- [adsignage] [    Test worker] .s.d.r.c.RepositoryConfigurationDelegate : Finished Spring Data repository scanning in 10 ms. Found 5 JPA repository interfaces.
2026-05-02T23:50:33.191+09:00  INFO 57102 --- [adsignage] [    Test worker] o.hibernate.jpa.internal.util.LogHelper  : HHH000204: Processing PersistenceUnitInfo [name: default]
2026-05-02T23:50:33.193+09:00  INFO 57102 --- [adsignage] [    Test worker] o.h.c.internal.RegionFactoryInitiator    : HHH000026: Second-level cache disabled
2026-05-02T23:50:33.198+09:00  INFO 57102 --- [adsignage] [    Test worker] o.s.o.j.p.SpringPersistenceUnitInfo      : No LoadTimeWeaver setup: ignoring JPA class transformer
2026-05-02T23:50:33.198+09:00  INFO 57102 --- [adsignage] [    Test worker] com.zaxxer.hikari.HikariDataSource       : HikariPool-11 - Starting...
2026-05-02T23:50:33.199+09:00  INFO 57102 --- [adsignage] [    Test worker] com.zaxxer.hikari.pool.HikariPool        : HikariPool-11 - Added connection conn118: url=jdbc:h2:mem:assignment-after-commit-test user=SA
2026-05-02T23:50:33.199+09:00  INFO 57102 --- [adsignage] [    Test worker] com.zaxxer.hikari.HikariDataSource       : HikariPool-11 - Start completed.
2026-05-02T23:50:33.199+09:00  WARN 57102 --- [adsignage] [    Test worker] org.hibernate.orm.deprecation            : HHH90000025: H2Dialect does not need to be specified explicitly using 'hibernate.dialect' (remove the property setting and it will be selected by default)
2026-05-02T23:50:33.229+09:00  INFO 57102 --- [adsignage] [    Test worker] o.h.e.t.j.p.i.JtaPlatformInitiator       : HHH000489: No JTA platform available (set 'hibernate.transaction.jta.platform' to enable JTA platform integration)
2026-05-02T23:50:33.233+09:00  INFO 57102 --- [adsignage] [    Test worker] j.LocalContainerEntityManagerFactoryBean : Initialized JPA EntityManagerFactory for persistence unit 'default'
2026-05-02T23:50:33.301+09:00  WARN 57102 --- [adsignage] [    Test worker] .s.s.UserDetailsServiceAutoConfiguration : 

Using generated security password: f5b8302c-b59e-4673-883e-80f446c33ba4

This generated password is for development use only. Your security configuration must be updated before running your application in production.

2026-05-02T23:50:33.301+09:00  INFO 57102 --- [adsignage] [    Test worker] r$InitializeUserDetailsManagerConfigurer : Global AuthenticationManager configured with UserDetailsService bean with name inMemoryUserDetailsManager
2026-05-02T23:50:33.372+09:00  INFO 57102 --- [adsignage] [    Test worker] .a.s.DeviceMappingChangedAfterCommitTest : Started DeviceMappingChangedAfterCommitTest in 0.365 seconds (process running for 8.011)
2026-05-02T23:50:33.378+09:00  INFO 57102 --- [adsignage] [    Test worker] m.o.a.d.a.DeviceAssignmentService        : createAssignment: device=dev-e9c8d6e4 restaurant=rest-A-f9c23e48 assignmentId=a0f3ff15-dd61-48f7-a2ca-3bacff1f5ef8
2026-05-02T23:50:33.379+09:00  INFO 57102 --- [adsignage] [    Test worker] m.o.a.s.DeviceMappingChangedSseListener  : MAPPING_CHANGED → device=dev-e9c8d6e4 newRestaurant=rest-A-f9c23e48 delivered=0
2026-05-02T23:50:33.380+09:00  INFO 57102 --- [adsignage] [    Test worker] m.o.adsignage.sse.SseEmitterRegistry     : SSE register: device=dev-e9c8d6e4 totalEmittersForDevice=1
2026-05-02T23:50:33.381+09:00  INFO 57102 --- [adsignage] [    Test worker] m.o.a.d.a.DeviceAssignmentService        : updateAssignment: device=dev-e9c8d6e4 → restaurant=rest-B-af92e711 (deactivatedRows=1, newAssignmentId=7543d6c3-0fc8-413e-85f0-6b1d71aa3573)
2026-05-02T23:50:33.382+09:00  INFO 57102 --- [adsignage] [    Test worker] m.o.adsignage.sse.SseEmitterRegistry     : SSE broadcast: device=dev-e9c8d6e4 delivered=1/1 attempted
2026-05-02T23:50:33.382+09:00  INFO 57102 --- [adsignage] [    Test worker] m.o.a.s.DeviceMappingChangedSseListener  : MAPPING_CHANGED → device=dev-e9c8d6e4 newRestaurant=rest-B-af92e711 delivered=1
2026-05-02T23:50:33.386+09:00  INFO 57102 --- [adsignage] [    Test worker] m.o.adsignage.sse.SseEmitterRegistry     : SSE register: device=dev-339e7cb7 totalEmittersForDevice=1
2026-05-02T23:50:33.387+09:00  INFO 57102 --- [adsignage] [    Test worker] m.o.a.d.a.DeviceAssignmentService        : createAssignment: device=dev-339e7cb7 restaurant=rest-A-22bcb34f assignmentId=a3b27182-b280-42bf-aeea-e0c2b6a31d0c
2026-05-02T23:50:33.388+09:00  INFO 57102 --- [adsignage] [    Test worker] m.o.adsignage.sse.SseEmitterRegistry     : SSE broadcast: device=dev-339e7cb7 delivered=1/1 attempted
2026-05-02T23:50:33.388+09:00  INFO 57102 --- [adsignage] [    Test worker] m.o.a.s.DeviceMappingChangedSseListener  : MAPPING_CHANGED → device=dev-339e7cb7 newRestaurant=rest-A-22bcb34f delivered=1
2026-05-02T23:50:33.391+09:00  INFO 57102 --- [adsignage] [    Test worker] m.o.adsignage.sse.SseEmitterRegistry     : SSE register: device=dev-e3280dd9 totalEmittersForDevice=1
2026-05-02T23:50:33.392+09:00  INFO 57102 --- [adsignage] [    Test worker] m.o.a.d.a.DeviceAssignmentService        : createAssignment: device=dev-e3280dd9 restaurant=rest-A-8ed8cf45 assignmentId=603d16b3-97a3-4901-aafd-c478552c12f4
]]></system-out>
  <system-err><![CDATA[]]></system-err>
</testsuite>
