<?xml version="1.0" encoding="UTF-8"?>
<testsuite name="me.owldev.adsignage.sse.SseEmitterRegistryTest" tests="16" skipped="0" failures="0" errors="0" timestamp="2026-05-02T14:50:33" hostname="Jinsuui-MacBookAir.local" time="0.005">
  <properties/>
  <testcase name="broadcast to a device with no emitters returns 0()" classname="me.owldev.adsignage.sse.SseEmitterRegistryTest" time="0.0"/>
  <testcase name="register alias still works for back-compat callers()" classname="me.owldev.adsignage.sse.SseEmitterRegistryTest" time="0.001"/>
  <testcase name="add returns the emitter for chaining()" classname="me.owldev.adsignage.sse.SseEmitterRegistryTest" time="0.0"/>
  <testcase name="connectionCount stays stable across many broadcasts()" classname="me.owldev.adsignage.sse.SseEmitterRegistryTest" time="0.0"/>
  <testcase name="getByDeviceId snapshot is decoupled from later mutations()" classname="me.owldev.adsignage.sse.SseEmitterRegistryTest" time="0.001"/>
  <testcase name="getByDeviceId returns an unmodifiable view()" classname="me.owldev.adsignage.sse.SseEmitterRegistryTest" time="0.0"/>
  <testcase name="remove for an unknown device is a no-op()" classname="me.owldev.adsignage.sse.SseEmitterRegistryTest" time="0.0"/>
  <testcase name="add rejects blank deviceId()" classname="me.owldev.adsignage.sse.SseEmitterRegistryTest" time="0.0"/>
  <testcase name="DeviceSseRegistry typealias resolves to SseEmitterRegistry()" classname="me.owldev.adsignage.sse.SseEmitterRegistryTest" time="0.0"/>
  <testcase name="failing emitter is removed and other emitters still receive the event()" classname="me.owldev.adsignage.sse.SseEmitterRegistryTest" time="0.0"/>
  <testcase name="getByDeviceId returns empty list for unknown device()" classname="me.owldev.adsignage.sse.SseEmitterRegistryTest" time="0.0"/>
  <testcase name="broadcast sends event to every emitter for the matching device()" classname="me.owldev.adsignage.sse.SseEmitterRegistryTest" time="0.0"/>
  <testcase name="remove drops only the targeted emitter()" classname="me.owldev.adsignage.sse.SseEmitterRegistryTest" time="0.0"/>
  <testcase name="add increments connection count for that device only()" classname="me.owldev.adsignage.sse.SseEmitterRegistryTest" time="0.0"/>
  <testcase name="remove on the last emitter prunes the empty device entry()" classname="me.owldev.adsignage.sse.SseEmitterRegistryTest" time="0.0"/>
  <testcase name="getByDeviceId returns the live emitters for that device only()" classname="me.owldev.adsignage.sse.SseEmitterRegistryTest" time="0.0"/>
  <system-out><![CDATA[2026-05-02T23:50:33.929+09:00  INFO 57102 --- [adsignage] [    Test worker] m.o.adsignage.sse.SseEmitterRegistry     : SSE register: device=device-1 totalEmittersForDevice=1
2026-05-02T23:50:33.929+09:00  INFO 57102 --- [adsignage] [    Test worker] m.o.adsignage.sse.SseEmitterRegistry     : SSE register: device=device-1 totalEmittersForDevice=1
2026-05-02T23:50:33.929+09:00  INFO 57102 --- [adsignage] [    Test worker] m.o.adsignage.sse.SseEmitterRegistry     : SSE register: device=device-1 totalEmittersForDevice=1
2026-05-02T23:50:33.929+09:00  INFO 57102 --- [adsignage] [    Test worker] m.o.adsignage.sse.SseEmitterRegistry     : SSE broadcast: device=device-1 delivered=1/1 attempted
2026-05-02T23:50:33.929+09:00  INFO 57102 --- [adsignage] [    Test worker] m.o.adsignage.sse.SseEmitterRegistry     : SSE broadcast: device=device-1 delivered=1/1 attempted
2026-05-02T23:50:33.929+09:00  INFO 57102 --- [adsignage] [    Test worker] m.o.adsignage.sse.SseEmitterRegistry     : SSE broadcast: device=device-1 delivered=1/1 attempted
2026-05-02T23:50:33.929+09:00  INFO 57102 --- [adsignage] [    Test worker] m.o.adsignage.sse.SseEmitterRegistry     : SSE broadcast: device=device-1 delivered=1/1 attempted
2026-05-02T23:50:33.929+09:00  INFO 57102 --- [adsignage] [    Test worker] m.o.adsignage.sse.SseEmitterRegistry     : SSE broadcast: device=device-1 delivered=1/1 attempted
2026-05-02T23:50:33.930+09:00  INFO 57102 --- [adsignage] [    Test worker] m.o.adsignage.sse.SseEmitterRegistry     : SSE register: device=device-1 totalEmittersForDevice=1
2026-05-02T23:50:33.930+09:00  INFO 57102 --- [adsignage] [    Test worker] m.o.adsignage.sse.SseEmitterRegistry     : SSE register: device=device-1 totalEmittersForDevice=2
2026-05-02T23:50:33.930+09:00  INFO 57102 --- [adsignage] [    Test worker] m.o.adsignage.sse.SseEmitterRegistry     : SSE register: device=device-1 totalEmittersForDevice=1
2026-05-02T23:50:33.931+09:00  INFO 57102 --- [adsignage] [    Test worker] m.o.adsignage.sse.SseEmitterRegistry     : SSE register: device=device-1 totalEmittersForDevice=1
2026-05-02T23:50:33.931+09:00  INFO 57102 --- [adsignage] [    Test worker] m.o.adsignage.sse.SseEmitterRegistry     : SSE register: device=device-1 totalEmittersForDevice=2
2026-05-02T23:50:33.931+09:00 DEBUG 57102 --- [adsignage] [    Test worker] m.o.adsignage.sse.SseEmitterRegistry     : SSE send failed (IO) for device=device-1: client gone
2026-05-02T23:50:33.931+09:00  INFO 57102 --- [adsignage] [    Test worker] m.o.adsignage.sse.SseEmitterRegistry     : SSE broadcast: device=device-1 delivered=1/1 attempted
2026-05-02T23:50:33.932+09:00  INFO 57102 --- [adsignage] [    Test worker] m.o.adsignage.sse.SseEmitterRegistry     : SSE register: device=device-1 totalEmittersForDevice=1
2026-05-02T23:50:33.932+09:00  INFO 57102 --- [adsignage] [    Test worker] m.o.adsignage.sse.SseEmitterRegistry     : SSE register: device=device-1 totalEmittersForDevice=2
2026-05-02T23:50:33.932+09:00  INFO 57102 --- [adsignage] [    Test worker] m.o.adsignage.sse.SseEmitterRegistry     : SSE register: device=device-2 totalEmittersForDevice=1
2026-05-02T23:50:33.932+09:00  INFO 57102 --- [adsignage] [    Test worker] m.o.adsignage.sse.SseEmitterRegistry     : SSE broadcast: device=device-1 delivered=2/2 attempted
2026-05-02T23:50:33.932+09:00  INFO 57102 --- [adsignage] [    Test worker] m.o.adsignage.sse.SseEmitterRegistry     : SSE register: device=device-1 totalEmittersForDevice=1
2026-05-02T23:50:33.932+09:00  INFO 57102 --- [adsignage] [    Test worker] m.o.adsignage.sse.SseEmitterRegistry     : SSE register: device=device-1 totalEmittersForDevice=2
2026-05-02T23:50:33.932+09:00  INFO 57102 --- [adsignage] [    Test worker] m.o.adsignage.sse.SseEmitterRegistry     : SSE register: device=device-1 totalEmittersForDevice=1
2026-05-02T23:50:33.932+09:00  INFO 57102 --- [adsignage] [    Test worker] m.o.adsignage.sse.SseEmitterRegistry     : SSE register: device=device-1 totalEmittersForDevice=2
2026-05-02T23:50:33.932+09:00  INFO 57102 --- [adsignage] [    Test worker] m.o.adsignage.sse.SseEmitterRegistry     : SSE register: device=device-2 totalEmittersForDevice=1
2026-05-02T23:50:33.933+09:00  INFO 57102 --- [adsignage] [    Test worker] m.o.adsignage.sse.SseEmitterRegistry     : SSE register: device=device-1 totalEmittersForDevice=1
2026-05-02T23:50:33.933+09:00  INFO 57102 --- [adsignage] [    Test worker] m.o.adsignage.sse.SseEmitterRegistry     : SSE register: device=device-1 totalEmittersForDevice=1
2026-05-02T23:50:33.933+09:00  INFO 57102 --- [adsignage] [    Test worker] m.o.adsignage.sse.SseEmitterRegistry     : SSE register: device=device-1 totalEmittersForDevice=2
2026-05-02T23:50:33.933+09:00  INFO 57102 --- [adsignage] [    Test worker] m.o.adsignage.sse.SseEmitterRegistry     : SSE register: device=device-2 totalEmittersForDevice=1
]]></system-out>
  <system-err><![CDATA[]]></system-err>
</testsuite>
