<?xml version="1.0" encoding="UTF-8"?>
<testsuite name="me.owldev.adsignage.domain.video.storage.LocalVideoStorageServiceTest" tests="10" skipped="0" failures="0" errors="0" timestamp="2026-05-02T14:50:32" hostname="Jinsuui-MacBookAir.local" time="0.007">
  <properties/>
  <testcase name="creates the storage directory if it does not yet exist()" classname="me.owldev.adsignage.domain.video.storage.LocalVideoStorageServiceTest" time="0.002"/>
  <testcase name="rejects unsupported extensions()" classname="me.owldev.adsignage.domain.video.storage.LocalVideoStorageServiceTest" time="0.001"/>
  <testcase name="path traversal in the original filename is reduced to the leaf name()" classname="me.owldev.adsignage.domain.video.storage.LocalVideoStorageServiceTest" time="0.0"/>
  <testcase name="stores uploaded mp4 under the configured root with a UUID filename()" classname="me.owldev.adsignage.domain.video.storage.LocalVideoStorageServiceTest" time="0.002"/>
  <testcase name="rejects file with no extension()" classname="me.owldev.adsignage.domain.video.storage.LocalVideoStorageServiceTest" time="0.0"/>
  <testcase name="rejects empty uploads()" classname="me.owldev.adsignage.domain.video.storage.LocalVideoStorageServiceTest" time="0.0"/>
  <testcase name="accepts mixed-case extensions()" classname="me.owldev.adsignage.domain.video.storage.LocalVideoStorageServiceTest" time="0.001"/>
  <testcase name="each upload of the same original filename gets a unique stored filename()" classname="me.owldev.adsignage.domain.video.storage.LocalVideoStorageServiceTest" time="0.0"/>
  <testcase name="falls back to video mp4 when contentType is missing()" classname="me.owldev.adsignage.domain.video.storage.LocalVideoStorageServiceTest" time="0.001"/>
  <testcase name="rejects upload with no original filename()" classname="me.owldev.adsignage.domain.video.storage.LocalVideoStorageServiceTest" time="0.0"/>
  <system-out><![CDATA[2026-05-02T23:50:32.664+09:00  INFO 57102 --- [adsignage] [    Test worker] m.o.a.d.v.s.LocalVideoStorageService     : video stored filename=8c446e81-c94f-4988-aa5e-5d7db0273cf2.mp4 size=1B mime=video/mp4 path=/var/folders/3g/13jv45350qdfq343d5rlklx40000gn/T/junit14417332425200792616/level1/level2/8c446e81-c94f-4988-aa5e-5d7db0273cf2.mp4
2026-05-02T23:50:32.666+09:00  INFO 57102 --- [adsignage] [    Test worker] m.o.a.d.v.s.LocalVideoStorageService     : video stored filename=40ea1416-2920-4a01-bc8b-f686218b73b6.mp4 size=1B mime=video/mp4 path=/var/folders/3g/13jv45350qdfq343d5rlklx40000gn/T/junit10133534591091853570/40ea1416-2920-4a01-bc8b-f686218b73b6.mp4
2026-05-02T23:50:32.667+09:00  INFO 57102 --- [adsignage] [    Test worker] m.o.a.d.v.s.LocalVideoStorageService     : video stored filename=84112fe3-ff81-41c8-9059-bb28808c972d.mp4 size=14B mime=video/mp4 path=/var/folders/3g/13jv45350qdfq343d5rlklx40000gn/T/junit10680219083673902490/84112fe3-ff81-41c8-9059-bb28808c972d.mp4
2026-05-02T23:50:32.669+09:00  INFO 57102 --- [adsignage] [    Test worker] m.o.a.d.v.s.LocalVideoStorageService     : video stored filename=3942d487-c11e-4459-9cd0-2682750427af.mp4 size=1B mime=video/mp4 path=/var/folders/3g/13jv45350qdfq343d5rlklx40000gn/T/junit16434627722503061903/3942d487-c11e-4459-9cd0-2682750427af.mp4
2026-05-02T23:50:32.669+09:00  INFO 57102 --- [adsignage] [    Test worker] m.o.a.d.v.s.LocalVideoStorageService     : video stored filename=400ed391-5911-4793-a98a-d0b8841e5a7c.mp4 size=1B mime=video/mp4 path=/var/folders/3g/13jv45350qdfq343d5rlklx40000gn/T/junit11416368575240673820/400ed391-5911-4793-a98a-d0b8841e5a7c.mp4
2026-05-02T23:50:32.669+09:00  INFO 57102 --- [adsignage] [    Test worker] m.o.a.d.v.s.LocalVideoStorageService     : video stored filename=ac50bca6-7a16-49fd-a16e-f60742199e89.mp4 size=1B mime=video/mp4 path=/var/folders/3g/13jv45350qdfq343d5rlklx40000gn/T/junit11416368575240673820/ac50bca6-7a16-49fd-a16e-f60742199e89.mp4
2026-05-02T23:50:32.670+09:00  INFO 57102 --- [adsignage] [    Test worker] m.o.a.d.v.s.LocalVideoStorageService     : video stored filename=0618c522-fa77-42c2-a082-096049cfd947.mp4 size=1B mime=video/mp4 path=/var/folders/3g/13jv45350qdfq343d5rlklx40000gn/T/junit9617418561452577650/0618c522-fa77-42c2-a082-096049cfd947.mp4
]]></system-out>
  <system-err><![CDATA[]]></system-err>
</testsuite>
