<?xml version="1.0" encoding="UTF-8"?>
<testsuite name="me.owldev.adsignage.auth.AuthSignupIntegrationTest" tests="5" skipped="0" failures="0" errors="0" timestamp="2026-05-02T14:50:28" hostname="Jinsuui-MacBookAir.local" time="0.265">
  <properties/>
  <testcase name="signup creates advertiser with bcrypt-hashed password()" classname="me.owldev.adsignage.auth.AuthSignupIntegrationTest" time="0.128"/>
  <testcase name="signup normalises email to lowercase()" classname="me.owldev.adsignage.auth.AuthSignupIntegrationTest" time="0.064"/>
  <testcase name="signup rejects duplicate email with 409()" classname="me.owldev.adsignage.auth.AuthSignupIntegrationTest" time="0.066"/>
  <testcase name="signup rejects blank email and blank password with 400()" classname="me.owldev.adsignage.auth.AuthSignupIntegrationTest" time="0.003"/>
  <testcase name="signup rejects invalid email and short password with 400()" classname="me.owldev.adsignage.auth.AuthSignupIntegrationTest" time="0.002"/>
  <system-out><![CDATA[2026-05-02T23:50:28.314+09:00  INFO 57102 --- [adsignage] [    Test worker] t.c.s.AnnotationConfigContextLoaderUtils : Could not detect default configuration classes for test class [me.owldev.adsignage.auth.AuthSignupIntegrationTest]: AuthSignupIntegrationTest does not declare any static, non-private, non-final, nested classes annotated with @Configuration.
2026-05-02T23:50:28.315+09:00  INFO 57102 --- [adsignage] [    Test worker] .b.t.c.SpringBootTestContextBootstrapper : Found @SpringBootConfiguration me.owldev.adsignage.AdsignageApplication for test class me.owldev.adsignage.auth.AuthSignupIntegrationTest

  .   ____          _            __ _ _
 /\\ / ___'_ __ _ _(_)_ __  __ _ \ \ \ \
( ( )\___ | '_ | '_| | '_ \/ _` | \ \ \ \
 \\/  ___)| |_)| | | | | || (_| |  ) ) ) )
  '  |____| .__|_| |_|_| |_\__, | / / / /
 =========|_|==============|___/=/_/_/_/

 :: Spring Boot ::                (v3.3.4)

2026-05-02T23:50:28.323+09:00  INFO 57102 --- [adsignage] [    Test worker] m.o.a.auth.AuthSignupIntegrationTest     : Starting AuthSignupIntegrationTest using Java 17.0.19 with PID 57102 (started by jinsujang in /Users/jinsujang/Desktop/dev/hackathon/backend)
2026-05-02T23:50:28.323+09:00 DEBUG 57102 --- [adsignage] [    Test worker] m.o.a.auth.AuthSignupIntegrationTest     : Running with Spring Boot v3.3.4, Spring v6.1.13
2026-05-02T23:50:28.323+09:00  INFO 57102 --- [adsignage] [    Test worker] m.o.a.auth.AuthSignupIntegrationTest     : No active profile set, falling back to 1 default profile: "default"
2026-05-02T23:50:28.394+09:00  INFO 57102 --- [adsignage] [    Test worker] .s.d.r.c.RepositoryConfigurationDelegate : Bootstrapping Spring Data JPA repositories in DEFAULT mode.
2026-05-02T23:50:28.401+09:00  INFO 57102 --- [adsignage] [    Test worker] .s.d.r.c.RepositoryConfigurationDelegate : Finished Spring Data repository scanning in 6 ms. Found 5 JPA repository interfaces.
2026-05-02T23:50:28.425+09:00  INFO 57102 --- [adsignage] [    Test worker] o.hibernate.jpa.internal.util.LogHelper  : HHH000204: Processing PersistenceUnitInfo [name: default]
2026-05-02T23:50:28.426+09:00  INFO 57102 --- [adsignage] [    Test worker] o.h.c.internal.RegionFactoryInitiator    : HHH000026: Second-level cache disabled
2026-05-02T23:50:28.429+09:00  INFO 57102 --- [adsignage] [    Test worker] o.s.o.j.p.SpringPersistenceUnitInfo      : No LoadTimeWeaver setup: ignoring JPA class transformer
2026-05-02T23:50:28.429+09:00  INFO 57102 --- [adsignage] [    Test worker] com.zaxxer.hikari.HikariDataSource       : HikariPool-2 - Starting...
2026-05-02T23:50:28.430+09:00  INFO 57102 --- [adsignage] [    Test worker] com.zaxxer.hikari.pool.HikariPool        : HikariPool-2 - Added connection conn10: url=jdbc:h2:mem:auth-signup-test user=SA
2026-05-02T23:50:28.430+09:00  INFO 57102 --- [adsignage] [    Test worker] com.zaxxer.hikari.HikariDataSource       : HikariPool-2 - Start completed.
2026-05-02T23:50:28.431+09:00  WARN 57102 --- [adsignage] [    Test worker] org.hibernate.orm.deprecation            : HHH90000025: H2Dialect does not need to be specified explicitly using 'hibernate.dialect' (remove the property setting and it will be selected by default)
2026-05-02T23:50:28.449+09:00  INFO 57102 --- [adsignage] [    Test worker] o.h.e.t.j.p.i.JtaPlatformInitiator       : HHH000489: No JTA platform available (set 'hibernate.transaction.jta.platform' to enable JTA platform integration)
2026-05-02T23:50:28.453+09:00  INFO 57102 --- [adsignage] [    Test worker] j.LocalContainerEntityManagerFactoryBean : Initialized JPA EntityManagerFactory for persistence unit 'default'
2026-05-02T23:50:28.497+09:00  WARN 57102 --- [adsignage] [    Test worker] .s.s.UserDetailsServiceAutoConfiguration : 

Using generated security password: 237a9c2c-4bae-4c0d-bd3e-56fb03049ca0

This generated password is for development use only. Your security configuration must be updated before running your application in production.

2026-05-02T23:50:28.497+09:00  INFO 57102 --- [adsignage] [    Test worker] r$InitializeUserDetailsManagerConfigurer : Global AuthenticationManager configured with UserDetailsService bean with name inMemoryUserDetailsManager
2026-05-02T23:50:28.532+09:00 DEBUG 57102 --- [adsignage] [    Test worker] m.o.a.auth.jwt.JwtAuthenticationFilter   : Filter 'jwtAuthenticationFilter' configured for use
2026-05-02T23:50:28.532+09:00  INFO 57102 --- [adsignage] [    Test worker] o.s.b.t.m.w.SpringBootMockServletContext : Initializing Spring TestDispatcherServlet ''
2026-05-02T23:50:28.532+09:00  INFO 57102 --- [adsignage] [    Test worker] o.s.t.web.servlet.TestDispatcherServlet  : Initializing Servlet ''
2026-05-02T23:50:28.532+09:00  INFO 57102 --- [adsignage] [    Test worker] o.s.t.web.servlet.TestDispatcherServlet  : Completed initialization in 0 ms
2026-05-02T23:50:28.535+09:00  INFO 57102 --- [adsignage] [    Test worker] m.o.a.auth.AuthSignupIntegrationTest     : Started AuthSignupIntegrationTest in 0.219 seconds (process running for 3.174)
2026-05-02T23:50:28.602+09:00  INFO 57102 --- [adsignage] [    Test worker] me.owldev.adsignage.auth.AuthService     : advertiser registered id=6ee8916e-ad0b-4e60-853e-a83591f31fc2 email=owner@example.com
2026-05-02T23:50:28.728+09:00  INFO 57102 --- [adsignage] [    Test worker] me.owldev.adsignage.auth.AuthService     : advertiser registered id=2c2d0c96-6312-4793-a29d-c6334455db70 email=mixed@example.com
2026-05-02T23:50:28.792+09:00  INFO 57102 --- [adsignage] [    Test worker] me.owldev.adsignage.auth.AuthService     : advertiser registered id=193e008c-a1d8-4829-9100-f3997944082e email=dup@example.com
2026-05-02T23:50:28.794+09:00  INFO 57102 --- [adsignage] [    Test worker] me.owldev.adsignage.auth.AuthService     : signup rejected: email already registered (dup@example.com)
]]></system-out>
  <system-err><![CDATA[]]></system-err>
</testsuite>
